[LINE:2]# [2019-10-11 15:39:00,791]  Started
[LINE:14]# [2019-10-11 15:40:49,105]  Ошибка DecisionTreeClassifier: 8.71% with params {'criterion': 'gini'}
[LINE:14]# [2019-10-11 15:42:11,309]  Ошибка DecisionTreeClassifier: 9.32% with params {'criterion': 'entropy'}
[LINE:14]# [2019-10-11 15:43:15,878]  Ошибка RandomForestClassifier: 13.20% with params {'criterion': 'gini', 'n_estimators': 10}
[LINE:14]# [2019-10-11 15:52:28,782]  Ошибка RandomForestClassifier: 12.89% with params {'criterion': 'gini', 'n_estimators': 100}
[LINE:14]# [2019-10-11 15:53:36,682]  Ошибка RandomForestClassifier: 14.40% with params {'criterion': 'entropy', 'n_estimators': 10}
[LINE:14]# [2019-10-11 16:03:18,900]  Ошибка RandomForestClassifier: 14.23% with params {'criterion': 'entropy', 'n_estimators': 100}
[LINE:2]# [2019-10-11 16:30:55,848]  Started
[LINE:14]# [2019-10-11 16:31:42,855]  Ошибка AdaBoostClassifier: 15.62% with params {}
[LINE:22]# [2019-10-11 16:31:51,450]  Finished
[LINE:2]# [2019-10-11 16:34:35,476]  Started
[LINE:22]# [2019-10-11 16:34:45,562]  Finished
[LINE:2]# [2019-10-11 16:35:03,508]  Started
[LINE:2]# [2019-10-11 17:19:16,937]  Started
[LINE:14]# [2019-10-11 17:19:27,866]  Ошибка SGDClassifier: 9.12% with params {'loss': 'hinge', 'penalty': 'none', 'learning_rate': 'constant', 'eta0': 0.1}
[LINE:14]# [2019-10-11 17:19:38,394]  Ошибка SGDClassifier: 27.51% with params {'loss': 'hinge', 'penalty': 'none', 'learning_rate': 'constant', 'eta0': 0.01}
[LINE:14]# [2019-10-11 17:19:48,950]  Ошибка SGDClassifier: 27.56% with params {'loss': 'hinge', 'penalty': 'none', 'learning_rate': 'constant', 'eta0': 0.001}
[LINE:14]# [2019-10-11 17:19:59,340]  Ошибка SGDClassifier: 6.95% with params {'loss': 'hinge', 'penalty': 'none', 'learning_rate': 'constant', 'eta0': 0.25}
[LINE:14]# [2019-10-11 17:20:09,791]  Ошибка SGDClassifier: 7.47% with params {'loss': 'hinge', 'penalty': 'none', 'learning_rate': 'optimal', 'eta0': 0.1}
[LINE:14]# [2019-10-11 17:20:20,129]  Ошибка SGDClassifier: 7.16% with params {'loss': 'hinge', 'penalty': 'none', 'learning_rate': 'optimal', 'eta0': 0.01}
[LINE:14]# [2019-10-11 17:20:30,554]  Ошибка SGDClassifier: 7.47% with params {'loss': 'hinge', 'penalty': 'none', 'learning_rate': 'optimal', 'eta0': 0.001}
[LINE:14]# [2019-10-11 17:20:41,042]  Ошибка SGDClassifier: 7.21% with params {'loss': 'hinge', 'penalty': 'none', 'learning_rate': 'optimal', 'eta0': 0.25}
[LINE:14]# [2019-10-11 17:20:51,487]  Ошибка SGDClassifier: 27.56% with params {'loss': 'hinge', 'penalty': 'none', 'learning_rate': 'invscaling', 'eta0': 0.1}
[LINE:14]# [2019-10-11 17:21:02,121]  Ошибка SGDClassifier: 27.56% with params {'loss': 'hinge', 'penalty': 'none', 'learning_rate': 'invscaling', 'eta0': 0.01}
[LINE:14]# [2019-10-11 17:21:12,694]  Ошибка SGDClassifier: 27.56% with params {'loss': 'hinge', 'penalty': 'none', 'learning_rate': 'invscaling', 'eta0': 0.001}
[LINE:14]# [2019-10-11 17:21:23,111]  Ошибка SGDClassifier: 27.56% with params {'loss': 'hinge', 'penalty': 'none', 'learning_rate': 'invscaling', 'eta0': 0.25}
[LINE:14]# [2019-10-11 17:21:33,573]  Ошибка SGDClassifier: 8.98% with params {'loss': 'hinge', 'penalty': 'none', 'learning_rate': 'adaptive', 'eta0': 0.1}
[LINE:14]# [2019-10-11 17:21:43,920]  Ошибка SGDClassifier: 27.51% with params {'loss': 'hinge', 'penalty': 'none', 'learning_rate': 'adaptive', 'eta0': 0.01}
[LINE:14]# [2019-10-11 17:21:54,468]  Ошибка SGDClassifier: 27.56% with params {'loss': 'hinge', 'penalty': 'none', 'learning_rate': 'adaptive', 'eta0': 0.001}
[LINE:14]# [2019-10-11 17:22:05,035]  Ошибка SGDClassifier: 7.07% with params {'loss': 'hinge', 'penalty': 'none', 'learning_rate': 'adaptive', 'eta0': 0.25}
[LINE:14]# [2019-10-11 17:22:15,359]  Ошибка SGDClassifier: 12.61% with params {'loss': 'hinge', 'penalty': 'l2', 'learning_rate': 'constant', 'eta0': 0.1}
[LINE:14]# [2019-10-11 17:22:26,093]  Ошибка SGDClassifier: 27.51% with params {'loss': 'hinge', 'penalty': 'l2', 'learning_rate': 'constant', 'eta0': 0.01}
[LINE:14]# [2019-10-11 17:22:38,089]  Ошибка SGDClassifier: 27.56% with params {'loss': 'hinge', 'penalty': 'l2', 'learning_rate': 'constant', 'eta0': 0.001}
[LINE:14]# [2019-10-11 17:22:49,673]  Ошибка SGDClassifier: 10.78% with params {'loss': 'hinge', 'penalty': 'l2', 'learning_rate': 'constant', 'eta0': 0.25}
[LINE:14]# [2019-10-11 17:23:00,536]  Ошибка SGDClassifier: 10.43% with params {'loss': 'hinge', 'penalty': 'l2', 'learning_rate': 'optimal', 'eta0': 0.1}
[LINE:14]# [2019-10-11 17:23:11,213]  Ошибка SGDClassifier: 10.13% with params {'loss': 'hinge', 'penalty': 'l2', 'learning_rate': 'optimal', 'eta0': 0.01}
[LINE:14]# [2019-10-11 17:23:22,024]  Ошибка SGDClassifier: 10.08% with params {'loss': 'hinge', 'penalty': 'l2', 'learning_rate': 'optimal', 'eta0': 0.001}
[LINE:14]# [2019-10-11 17:23:32,623]  Ошибка SGDClassifier: 10.01% with params {'loss': 'hinge', 'penalty': 'l2', 'learning_rate': 'optimal', 'eta0': 0.25}
[LINE:14]# [2019-10-11 17:23:43,207]  Ошибка SGDClassifier: 27.56% with params {'loss': 'hinge', 'penalty': 'l2', 'learning_rate': 'invscaling', 'eta0': 0.1}
[LINE:14]# [2019-10-11 17:23:53,871]  Ошибка SGDClassifier: 27.56% with params {'loss': 'hinge', 'penalty': 'l2', 'learning_rate': 'invscaling', 'eta0': 0.01}
[LINE:14]# [2019-10-11 17:24:04,523]  Ошибка SGDClassifier: 27.56% with params {'loss': 'hinge', 'penalty': 'l2', 'learning_rate': 'invscaling', 'eta0': 0.001}
[LINE:14]# [2019-10-11 17:24:15,003]  Ошибка SGDClassifier: 27.56% with params {'loss': 'hinge', 'penalty': 'l2', 'learning_rate': 'invscaling', 'eta0': 0.25}
[LINE:14]# [2019-10-11 17:24:25,594]  Ошибка SGDClassifier: 13.04% with params {'loss': 'hinge', 'penalty': 'l2', 'learning_rate': 'adaptive', 'eta0': 0.1}
[LINE:14]# [2019-10-11 17:24:36,196]  Ошибка SGDClassifier: 27.51% with params {'loss': 'hinge', 'penalty': 'l2', 'learning_rate': 'adaptive', 'eta0': 0.01}
[LINE:14]# [2019-10-11 17:24:47,032]  Ошибка SGDClassifier: 27.56% with params {'loss': 'hinge', 'penalty': 'l2', 'learning_rate': 'adaptive', 'eta0': 0.001}
[LINE:14]# [2019-10-11 17:24:57,548]  Ошибка SGDClassifier: 11.54% with params {'loss': 'hinge', 'penalty': 'l2', 'learning_rate': 'adaptive', 'eta0': 0.25}
[LINE:14]# [2019-10-11 17:25:08,811]  Ошибка SGDClassifier: 18.11% with params {'loss': 'hinge', 'penalty': 'l1', 'learning_rate': 'constant', 'eta0': 0.1}
[LINE:14]# [2019-10-11 17:25:20,069]  Ошибка SGDClassifier: 27.56% with params {'loss': 'hinge', 'penalty': 'l1', 'learning_rate': 'constant', 'eta0': 0.01}
[LINE:14]# [2019-10-11 17:25:31,455]  Ошибка SGDClassifier: 27.56% with params {'loss': 'hinge', 'penalty': 'l1', 'learning_rate': 'constant', 'eta0': 0.001}
[LINE:14]# [2019-10-11 17:25:42,750]  Ошибка SGDClassifier: 13.93% with params {'loss': 'hinge', 'penalty': 'l1', 'learning_rate': 'constant', 'eta0': 0.25}
[LINE:14]# [2019-10-11 17:25:54,056]  Ошибка SGDClassifier: 11.47% with params {'loss': 'hinge', 'penalty': 'l1', 'learning_rate': 'optimal', 'eta0': 0.1}
[LINE:14]# [2019-10-11 17:26:05,311]  Ошибка SGDClassifier: 11.28% with params {'loss': 'hinge', 'penalty': 'l1', 'learning_rate': 'optimal', 'eta0': 0.01}
[LINE:14]# [2019-10-11 17:26:16,412]  Ошибка SGDClassifier: 11.11% with params {'loss': 'hinge', 'penalty': 'l1', 'learning_rate': 'optimal', 'eta0': 0.001}
[LINE:14]# [2019-10-11 17:26:27,554]  Ошибка SGDClassifier: 11.44% with params {'loss': 'hinge', 'penalty': 'l1', 'learning_rate': 'optimal', 'eta0': 0.25}
[LINE:14]# [2019-10-11 17:26:39,126]  Ошибка SGDClassifier: 27.56% with params {'loss': 'hinge', 'penalty': 'l1', 'learning_rate': 'invscaling', 'eta0': 0.1}
[LINE:14]# [2019-10-11 17:26:49,440]  Ошибка SGDClassifier: 27.56% with params {'loss': 'hinge', 'penalty': 'l1', 'learning_rate': 'invscaling', 'eta0': 0.01}
[LINE:14]# [2019-10-11 17:26:59,110]  Ошибка SGDClassifier: 27.56% with params {'loss': 'hinge', 'penalty': 'l1', 'learning_rate': 'invscaling', 'eta0': 0.001}
[LINE:14]# [2019-10-11 17:27:08,723]  Ошибка SGDClassifier: 27.56% with params {'loss': 'hinge', 'penalty': 'l1', 'learning_rate': 'invscaling', 'eta0': 0.25}
[LINE:14]# [2019-10-11 17:27:18,206]  Ошибка SGDClassifier: 18.68% with params {'loss': 'hinge', 'penalty': 'l1', 'learning_rate': 'adaptive', 'eta0': 0.1}
[LINE:14]# [2019-10-11 17:27:27,735]  Ошибка SGDClassifier: 27.56% with params {'loss': 'hinge', 'penalty': 'l1', 'learning_rate': 'adaptive', 'eta0': 0.01}
[LINE:14]# [2019-10-11 17:27:37,338]  Ошибка SGDClassifier: 27.56% with params {'loss': 'hinge', 'penalty': 'l1', 'learning_rate': 'adaptive', 'eta0': 0.001}
[LINE:14]# [2019-10-11 17:27:46,800]  Ошибка SGDClassifier: 13.34% with params {'loss': 'hinge', 'penalty': 'l1', 'learning_rate': 'adaptive', 'eta0': 0.25}
[LINE:14]# [2019-10-11 17:27:56,407]  Ошибка SGDClassifier: 16.94% with params {'loss': 'hinge', 'penalty': 'elasticnet', 'learning_rate': 'constant', 'eta0': 0.1}
[LINE:14]# [2019-10-11 17:28:05,994]  Ошибка SGDClassifier: 27.51% with params {'loss': 'hinge', 'penalty': 'elasticnet', 'learning_rate': 'constant', 'eta0': 0.01}
[LINE:14]# [2019-10-11 17:28:15,613]  Ошибка SGDClassifier: 27.56% with params {'loss': 'hinge', 'penalty': 'elasticnet', 'learning_rate': 'constant', 'eta0': 0.001}
[LINE:14]# [2019-10-11 17:28:25,275]  Ошибка SGDClassifier: 14.52% with params {'loss': 'hinge', 'penalty': 'elasticnet', 'learning_rate': 'constant', 'eta0': 0.25}
[LINE:14]# [2019-10-11 17:28:34,856]  Ошибка SGDClassifier: 14.50% with params {'loss': 'hinge', 'penalty': 'elasticnet', 'learning_rate': 'optimal', 'eta0': 0.1}
[LINE:14]# [2019-10-11 17:28:44,445]  Ошибка SGDClassifier: 14.80% with params {'loss': 'hinge', 'penalty': 'elasticnet', 'learning_rate': 'optimal', 'eta0': 0.01}
[LINE:14]# [2019-10-11 17:28:54,031]  Ошибка SGDClassifier: 14.80% with params {'loss': 'hinge', 'penalty': 'elasticnet', 'learning_rate': 'optimal', 'eta0': 0.001}
[LINE:14]# [2019-10-11 17:29:03,629]  Ошибка SGDClassifier: 14.68% with params {'loss': 'hinge', 'penalty': 'elasticnet', 'learning_rate': 'optimal', 'eta0': 0.25}
[LINE:14]# [2019-10-11 17:29:13,322]  Ошибка SGDClassifier: 27.56% with params {'loss': 'hinge', 'penalty': 'elasticnet', 'learning_rate': 'invscaling', 'eta0': 0.1}
[LINE:14]# [2019-10-11 17:29:22,992]  Ошибка SGDClassifier: 27.56% with params {'loss': 'hinge', 'penalty': 'elasticnet', 'learning_rate': 'invscaling', 'eta0': 0.01}
[LINE:14]# [2019-10-11 17:29:32,662]  Ошибка SGDClassifier: 27.56% with params {'loss': 'hinge', 'penalty': 'elasticnet', 'learning_rate': 'invscaling', 'eta0': 0.001}
[LINE:14]# [2019-10-11 17:29:42,258]  Ошибка SGDClassifier: 27.56% with params {'loss': 'hinge', 'penalty': 'elasticnet', 'learning_rate': 'invscaling', 'eta0': 0.25}
[LINE:14]# [2019-10-11 17:29:51,895]  Ошибка SGDClassifier: 17.33% with params {'loss': 'hinge', 'penalty': 'elasticnet', 'learning_rate': 'adaptive', 'eta0': 0.1}
[LINE:14]# [2019-10-11 17:30:01,536]  Ошибка SGDClassifier: 27.51% with params {'loss': 'hinge', 'penalty': 'elasticnet', 'learning_rate': 'adaptive', 'eta0': 0.01}
[LINE:14]# [2019-10-11 17:30:11,160]  Ошибка SGDClassifier: 27.56% with params {'loss': 'hinge', 'penalty': 'elasticnet', 'learning_rate': 'adaptive', 'eta0': 0.001}
[LINE:14]# [2019-10-11 17:30:20,801]  Ошибка SGDClassifier: 14.50% with params {'loss': 'hinge', 'penalty': 'elasticnet', 'learning_rate': 'adaptive', 'eta0': 0.25}
[LINE:14]# [2019-10-11 17:30:29,721]  Ошибка SGDClassifier: 15.81% with params {'loss': 'log', 'penalty': 'none', 'learning_rate': 'constant', 'eta0': 0.1}
[LINE:14]# [2019-10-11 17:30:38,635]  Ошибка SGDClassifier: 27.53% with params {'loss': 'log', 'penalty': 'none', 'learning_rate': 'constant', 'eta0': 0.01}
[LINE:14]# [2019-10-11 17:30:47,552]  Ошибка SGDClassifier: 27.56% with params {'loss': 'log', 'penalty': 'none', 'learning_rate': 'constant', 'eta0': 0.001}
[LINE:14]# [2019-10-11 17:30:56,478]  Ошибка SGDClassifier: 10.80% with params {'loss': 'log', 'penalty': 'none', 'learning_rate': 'constant', 'eta0': 0.25}
[LINE:14]# [2019-10-11 17:31:05,400]  Ошибка SGDClassifier: 9.11% with params {'loss': 'log', 'penalty': 'none', 'learning_rate': 'optimal', 'eta0': 0.1}
[LINE:14]# [2019-10-11 17:31:14,328]  Ошибка SGDClassifier: 9.23% with params {'loss': 'log', 'penalty': 'none', 'learning_rate': 'optimal', 'eta0': 0.01}
[LINE:14]# [2019-10-11 17:31:23,252]  Ошибка SGDClassifier: 9.18% with params {'loss': 'log', 'penalty': 'none', 'learning_rate': 'optimal', 'eta0': 0.001}
[LINE:14]# [2019-10-11 17:31:32,171]  Ошибка SGDClassifier: 9.23% with params {'loss': 'log', 'penalty': 'none', 'learning_rate': 'optimal', 'eta0': 0.25}
[LINE:14]# [2019-10-11 17:31:41,107]  Ошибка SGDClassifier: 27.56% with params {'loss': 'log', 'penalty': 'none', 'learning_rate': 'invscaling', 'eta0': 0.1}
[LINE:14]# [2019-10-11 17:31:50,103]  Ошибка SGDClassifier: 27.56% with params {'loss': 'log', 'penalty': 'none', 'learning_rate': 'invscaling', 'eta0': 0.01}
[LINE:14]# [2019-10-11 17:31:59,031]  Ошибка SGDClassifier: 27.56% with params {'loss': 'log', 'penalty': 'none', 'learning_rate': 'invscaling', 'eta0': 0.001}
[LINE:14]# [2019-10-11 17:32:07,965]  Ошибка SGDClassifier: 27.56% with params {'loss': 'log', 'penalty': 'none', 'learning_rate': 'invscaling', 'eta0': 0.25}
[LINE:14]# [2019-10-11 17:32:16,880]  Ошибка SGDClassifier: 16.09% with params {'loss': 'log', 'penalty': 'none', 'learning_rate': 'adaptive', 'eta0': 0.1}
[LINE:14]# [2019-10-11 17:32:25,835]  Ошибка SGDClassifier: 27.53% with params {'loss': 'log', 'penalty': 'none', 'learning_rate': 'adaptive', 'eta0': 0.01}
[LINE:14]# [2019-10-11 17:32:34,761]  Ошибка SGDClassifier: 27.56% with params {'loss': 'log', 'penalty': 'none', 'learning_rate': 'adaptive', 'eta0': 0.001}
[LINE:14]# [2019-10-11 17:32:43,685]  Ошибка SGDClassifier: 10.67% with params {'loss': 'log', 'penalty': 'none', 'learning_rate': 'adaptive', 'eta0': 0.25}
[LINE:14]# [2019-10-11 17:32:52,653]  Ошибка SGDClassifier: 21.43% with params {'loss': 'log', 'penalty': 'l2', 'learning_rate': 'constant', 'eta0': 0.1}
[LINE:14]# [2019-10-11 17:33:01,657]  Ошибка SGDClassifier: 27.56% with params {'loss': 'log', 'penalty': 'l2', 'learning_rate': 'constant', 'eta0': 0.01}
[LINE:14]# [2019-10-11 17:33:10,580]  Ошибка SGDClassifier: 27.56% with params {'loss': 'log', 'penalty': 'l2', 'learning_rate': 'constant', 'eta0': 0.001}
[LINE:14]# [2019-10-11 17:33:19,507]  Ошибка SGDClassifier: 19.89% with params {'loss': 'log', 'penalty': 'l2', 'learning_rate': 'constant', 'eta0': 0.25}
[LINE:14]# [2019-10-11 17:33:28,454]  Ошибка SGDClassifier: 19.99% with params {'loss': 'log', 'penalty': 'l2', 'learning_rate': 'optimal', 'eta0': 0.1}
[LINE:14]# [2019-10-11 17:33:37,384]  Ошибка SGDClassifier: 19.95% with params {'loss': 'log', 'penalty': 'l2', 'learning_rate': 'optimal', 'eta0': 0.01}
[LINE:14]# [2019-10-11 17:33:46,318]  Ошибка SGDClassifier: 19.54% with params {'loss': 'log', 'penalty': 'l2', 'learning_rate': 'optimal', 'eta0': 0.001}
[LINE:14]# [2019-10-11 17:33:55,262]  Ошибка SGDClassifier: 19.82% with params {'loss': 'log', 'penalty': 'l2', 'learning_rate': 'optimal', 'eta0': 0.25}
[LINE:14]# [2019-10-11 17:34:04,218]  Ошибка SGDClassifier: 27.56% with params {'loss': 'log', 'penalty': 'l2', 'learning_rate': 'invscaling', 'eta0': 0.1}
[LINE:14]# [2019-10-11 17:34:13,156]  Ошибка SGDClassifier: 27.56% with params {'loss': 'log', 'penalty': 'l2', 'learning_rate': 'invscaling', 'eta0': 0.01}
[LINE:14]# [2019-10-11 17:34:22,096]  Ошибка SGDClassifier: 27.56% with params {'loss': 'log', 'penalty': 'l2', 'learning_rate': 'invscaling', 'eta0': 0.001}
[LINE:14]# [2019-10-11 17:34:31,068]  Ошибка SGDClassifier: 27.56% with params {'loss': 'log', 'penalty': 'l2', 'learning_rate': 'invscaling', 'eta0': 0.25}
[LINE:14]# [2019-10-11 17:34:40,018]  Ошибка SGDClassifier: 21.66% with params {'loss': 'log', 'penalty': 'l2', 'learning_rate': 'adaptive', 'eta0': 0.1}
[LINE:14]# [2019-10-11 17:34:48,967]  Ошибка SGDClassifier: 27.56% with params {'loss': 'log', 'penalty': 'l2', 'learning_rate': 'adaptive', 'eta0': 0.01}
[LINE:14]# [2019-10-11 17:34:57,914]  Ошибка SGDClassifier: 27.56% with params {'loss': 'log', 'penalty': 'l2', 'learning_rate': 'adaptive', 'eta0': 0.001}
[LINE:14]# [2019-10-11 17:35:06,866]  Ошибка SGDClassifier: 19.22% with params {'loss': 'log', 'penalty': 'l2', 'learning_rate': 'adaptive', 'eta0': 0.25}
[LINE:14]# [2019-10-11 17:35:16,574]  Ошибка SGDClassifier: 21.96% with params {'loss': 'log', 'penalty': 'l1', 'learning_rate': 'constant', 'eta0': 0.1}
[LINE:14]# [2019-10-11 17:35:26,275]  Ошибка SGDClassifier: 27.56% with params {'loss': 'log', 'penalty': 'l1', 'learning_rate': 'constant', 'eta0': 0.01}
[LINE:14]# [2019-10-11 17:35:35,954]  Ошибка SGDClassifier: 27.56% with params {'loss': 'log', 'penalty': 'l1', 'learning_rate': 'constant', 'eta0': 0.001}
[LINE:14]# [2019-10-11 17:35:45,638]  Ошибка SGDClassifier: 16.52% with params {'loss': 'log', 'penalty': 'l1', 'learning_rate': 'constant', 'eta0': 0.25}
[LINE:14]# [2019-10-11 17:35:55,305]  Ошибка SGDClassifier: 15.51% with params {'loss': 'log', 'penalty': 'l1', 'learning_rate': 'optimal', 'eta0': 0.1}
[LINE:14]# [2019-10-11 17:36:04,958]  Ошибка SGDClassifier: 15.57% with params {'loss': 'log', 'penalty': 'l1', 'learning_rate': 'optimal', 'eta0': 0.01}
[LINE:14]# [2019-10-11 17:36:14,614]  Ошибка SGDClassifier: 15.31% with params {'loss': 'log', 'penalty': 'l1', 'learning_rate': 'optimal', 'eta0': 0.001}
[LINE:14]# [2019-10-11 17:36:24,266]  Ошибка SGDClassifier: 15.25% with params {'loss': 'log', 'penalty': 'l1', 'learning_rate': 'optimal', 'eta0': 0.25}
[LINE:14]# [2019-10-11 17:36:33,955]  Ошибка SGDClassifier: 27.56% with params {'loss': 'log', 'penalty': 'l1', 'learning_rate': 'invscaling', 'eta0': 0.1}
[LINE:14]# [2019-10-11 17:36:43,644]  Ошибка SGDClassifier: 27.56% with params {'loss': 'log', 'penalty': 'l1', 'learning_rate': 'invscaling', 'eta0': 0.01}
[LINE:14]# [2019-10-11 17:36:53,331]  Ошибка SGDClassifier: 27.56% with params {'loss': 'log', 'penalty': 'l1', 'learning_rate': 'invscaling', 'eta0': 0.001}
[LINE:14]# [2019-10-11 17:37:03,037]  Ошибка SGDClassifier: 27.56% with params {'loss': 'log', 'penalty': 'l1', 'learning_rate': 'invscaling', 'eta0': 0.25}
[LINE:14]# [2019-10-11 17:37:12,867]  Ошибка SGDClassifier: 22.03% with params {'loss': 'log', 'penalty': 'l1', 'learning_rate': 'adaptive', 'eta0': 0.1}
[LINE:14]# [2019-10-11 17:37:22,663]  Ошибка SGDClassifier: 27.56% with params {'loss': 'log', 'penalty': 'l1', 'learning_rate': 'adaptive', 'eta0': 0.01}
[LINE:14]# [2019-10-11 17:37:32,357]  Ошибка SGDClassifier: 27.56% with params {'loss': 'log', 'penalty': 'l1', 'learning_rate': 'adaptive', 'eta0': 0.001}
[LINE:14]# [2019-10-11 17:37:42,053]  Ошибка SGDClassifier: 17.66% with params {'loss': 'log', 'penalty': 'l1', 'learning_rate': 'adaptive', 'eta0': 0.25}
[LINE:14]# [2019-10-11 17:37:51,843]  Ошибка SGDClassifier: 23.56% with params {'loss': 'log', 'penalty': 'elasticnet', 'learning_rate': 'constant', 'eta0': 0.1}
[LINE:14]# [2019-10-11 17:38:01,657]  Ошибка SGDClassifier: 27.56% with params {'loss': 'log', 'penalty': 'elasticnet', 'learning_rate': 'constant', 'eta0': 0.01}
[LINE:14]# [2019-10-11 17:38:11,346]  Ошибка SGDClassifier: 27.56% with params {'loss': 'log', 'penalty': 'elasticnet', 'learning_rate': 'constant', 'eta0': 0.001}
[LINE:14]# [2019-10-11 17:38:21,140]  Ошибка SGDClassifier: 21.71% with params {'loss': 'log', 'penalty': 'elasticnet', 'learning_rate': 'constant', 'eta0': 0.25}
[LINE:14]# [2019-10-11 17:38:30,946]  Ошибка SGDClassifier: 21.84% with params {'loss': 'log', 'penalty': 'elasticnet', 'learning_rate': 'optimal', 'eta0': 0.1}
[LINE:14]# [2019-10-11 17:38:40,756]  Ошибка SGDClassifier: 21.26% with params {'loss': 'log', 'penalty': 'elasticnet', 'learning_rate': 'optimal', 'eta0': 0.01}
[LINE:14]# [2019-10-11 17:38:50,555]  Ошибка SGDClassifier: 21.38% with params {'loss': 'log', 'penalty': 'elasticnet', 'learning_rate': 'optimal', 'eta0': 0.001}
[LINE:14]# [2019-10-11 17:39:00,358]  Ошибка SGDClassifier: 21.42% with params {'loss': 'log', 'penalty': 'elasticnet', 'learning_rate': 'optimal', 'eta0': 0.25}
[LINE:14]# [2019-10-11 17:39:10,058]  Ошибка SGDClassifier: 27.56% with params {'loss': 'log', 'penalty': 'elasticnet', 'learning_rate': 'invscaling', 'eta0': 0.1}
[LINE:14]# [2019-10-11 17:39:19,744]  Ошибка SGDClassifier: 27.56% with params {'loss': 'log', 'penalty': 'elasticnet', 'learning_rate': 'invscaling', 'eta0': 0.01}
[LINE:14]# [2019-10-11 17:39:29,436]  Ошибка SGDClassifier: 27.56% with params {'loss': 'log', 'penalty': 'elasticnet', 'learning_rate': 'invscaling', 'eta0': 0.001}
[LINE:14]# [2019-10-11 17:39:39,154]  Ошибка SGDClassifier: 27.56% with params {'loss': 'log', 'penalty': 'elasticnet', 'learning_rate': 'invscaling', 'eta0': 0.25}
[LINE:14]# [2019-10-11 17:39:48,948]  Ошибка SGDClassifier: 23.23% with params {'loss': 'log', 'penalty': 'elasticnet', 'learning_rate': 'adaptive', 'eta0': 0.1}
[LINE:14]# [2019-10-11 17:39:58,684]  Ошибка SGDClassifier: 27.56% with params {'loss': 'log', 'penalty': 'elasticnet', 'learning_rate': 'adaptive', 'eta0': 0.01}
[LINE:14]# [2019-10-11 17:40:08,383]  Ошибка SGDClassifier: 27.56% with params {'loss': 'log', 'penalty': 'elasticnet', 'learning_rate': 'adaptive', 'eta0': 0.001}
[LINE:14]# [2019-10-11 17:40:18,200]  Ошибка SGDClassifier: 21.57% with params {'loss': 'log', 'penalty': 'elasticnet', 'learning_rate': 'adaptive', 'eta0': 0.25}
[LINE:14]# [2019-10-11 17:40:27,080]  Ошибка SGDClassifier: 7.09% with params {'loss': 'modified_huber', 'penalty': 'none', 'learning_rate': 'constant', 'eta0': 0.1}
[LINE:14]# [2019-10-11 17:40:35,986]  Ошибка SGDClassifier: 15.50% with params {'loss': 'modified_huber', 'penalty': 'none', 'learning_rate': 'constant', 'eta0': 0.01}
[LINE:14]# [2019-10-11 17:40:44,897]  Ошибка SGDClassifier: 27.56% with params {'loss': 'modified_huber', 'penalty': 'none', 'learning_rate': 'constant', 'eta0': 0.001}
[LINE:14]# [2019-10-11 17:40:53,761]  Ошибка SGDClassifier: 7.21% with params {'loss': 'modified_huber', 'penalty': 'none', 'learning_rate': 'constant', 'eta0': 0.25}
[LINE:14]# [2019-10-11 17:41:02,601]  Ошибка SGDClassifier: 7.75% with params {'loss': 'modified_huber', 'penalty': 'none', 'learning_rate': 'optimal', 'eta0': 0.1}
[LINE:14]# [2019-10-11 17:41:11,430]  Ошибка SGDClassifier: 8.39% with params {'loss': 'modified_huber', 'penalty': 'none', 'learning_rate': 'optimal', 'eta0': 0.01}
[LINE:14]# [2019-10-11 17:41:20,257]  Ошибка SGDClassifier: 8.13% with params {'loss': 'modified_huber', 'penalty': 'none', 'learning_rate': 'optimal', 'eta0': 0.001}
[LINE:14]# [2019-10-11 17:41:29,090]  Ошибка SGDClassifier: 7.82% with params {'loss': 'modified_huber', 'penalty': 'none', 'learning_rate': 'optimal', 'eta0': 0.25}
[LINE:14]# [2019-10-11 17:41:38,031]  Ошибка SGDClassifier: 27.56% with params {'loss': 'modified_huber', 'penalty': 'none', 'learning_rate': 'invscaling', 'eta0': 0.1}
[LINE:14]# [2019-10-11 17:41:46,974]  Ошибка SGDClassifier: 27.56% with params {'loss': 'modified_huber', 'penalty': 'none', 'learning_rate': 'invscaling', 'eta0': 0.01}
[LINE:14]# [2019-10-11 17:41:55,908]  Ошибка SGDClassifier: 27.56% with params {'loss': 'modified_huber', 'penalty': 'none', 'learning_rate': 'invscaling', 'eta0': 0.001}
[LINE:14]# [2019-10-11 17:42:04,843]  Ошибка SGDClassifier: 27.49% with params {'loss': 'modified_huber', 'penalty': 'none', 'learning_rate': 'invscaling', 'eta0': 0.25}
[LINE:14]# [2019-10-11 17:42:13,821]  Ошибка SGDClassifier: 7.02% with params {'loss': 'modified_huber', 'penalty': 'none', 'learning_rate': 'adaptive', 'eta0': 0.1}
[LINE:14]# [2019-10-11 17:42:22,747]  Ошибка SGDClassifier: 15.01% with params {'loss': 'modified_huber', 'penalty': 'none', 'learning_rate': 'adaptive', 'eta0': 0.01}
[LINE:14]# [2019-10-11 17:42:31,674]  Ошибка SGDClassifier: 27.56% with params {'loss': 'modified_huber', 'penalty': 'none', 'learning_rate': 'adaptive', 'eta0': 0.001}
[LINE:14]# [2019-10-11 17:42:40,540]  Ошибка SGDClassifier: 7.31% with params {'loss': 'modified_huber', 'penalty': 'none', 'learning_rate': 'adaptive', 'eta0': 0.25}
[LINE:14]# [2019-10-11 17:42:49,449]  Ошибка SGDClassifier: 8.31% with params {'loss': 'modified_huber', 'penalty': 'l2', 'learning_rate': 'constant', 'eta0': 0.1}
[LINE:14]# [2019-10-11 17:42:58,366]  Ошибка SGDClassifier: 16.16% with params {'loss': 'modified_huber', 'penalty': 'l2', 'learning_rate': 'constant', 'eta0': 0.01}
[LINE:14]# [2019-10-11 17:43:07,287]  Ошибка SGDClassifier: 27.56% with params {'loss': 'modified_huber', 'penalty': 'l2', 'learning_rate': 'constant', 'eta0': 0.001}
[LINE:14]# [2019-10-11 17:43:16,182]  Ошибка SGDClassifier: 7.92% with params {'loss': 'modified_huber', 'penalty': 'l2', 'learning_rate': 'constant', 'eta0': 0.25}
[LINE:14]# [2019-10-11 17:43:25,071]  Ошибка SGDClassifier: 8.20% with params {'loss': 'modified_huber', 'penalty': 'l2', 'learning_rate': 'optimal', 'eta0': 0.1}
[LINE:14]# [2019-10-11 17:43:33,956]  Ошибка SGDClassifier: 7.71% with params {'loss': 'modified_huber', 'penalty': 'l2', 'learning_rate': 'optimal', 'eta0': 0.01}
[LINE:14]# [2019-10-11 17:43:42,852]  Ошибка SGDClassifier: 8.03% with params {'loss': 'modified_huber', 'penalty': 'l2', 'learning_rate': 'optimal', 'eta0': 0.001}
[LINE:14]# [2019-10-11 17:43:51,745]  Ошибка SGDClassifier: 8.11% with params {'loss': 'modified_huber', 'penalty': 'l2', 'learning_rate': 'optimal', 'eta0': 0.25}
[LINE:14]# [2019-10-11 17:44:00,694]  Ошибка SGDClassifier: 27.56% with params {'loss': 'modified_huber', 'penalty': 'l2', 'learning_rate': 'invscaling', 'eta0': 0.1}
[LINE:14]# [2019-10-11 17:44:09,635]  Ошибка SGDClassifier: 27.56% with params {'loss': 'modified_huber', 'penalty': 'l2', 'learning_rate': 'invscaling', 'eta0': 0.01}
[LINE:14]# [2019-10-11 17:44:18,571]  Ошибка SGDClassifier: 27.56% with params {'loss': 'modified_huber', 'penalty': 'l2', 'learning_rate': 'invscaling', 'eta0': 0.001}
[LINE:14]# [2019-10-11 17:44:27,507]  Ошибка SGDClassifier: 27.51% with params {'loss': 'modified_huber', 'penalty': 'l2', 'learning_rate': 'invscaling', 'eta0': 0.25}
[LINE:14]# [2019-10-11 17:44:36,397]  Ошибка SGDClassifier: 7.77% with params {'loss': 'modified_huber', 'penalty': 'l2', 'learning_rate': 'adaptive', 'eta0': 0.1}
[LINE:14]# [2019-10-11 17:44:45,314]  Ошибка SGDClassifier: 15.60% with params {'loss': 'modified_huber', 'penalty': 'l2', 'learning_rate': 'adaptive', 'eta0': 0.01}
[LINE:14]# [2019-10-11 17:44:54,239]  Ошибка SGDClassifier: 27.56% with params {'loss': 'modified_huber', 'penalty': 'l2', 'learning_rate': 'adaptive', 'eta0': 0.001}
[LINE:14]# [2019-10-11 17:45:03,138]  Ошибка SGDClassifier: 7.80% with params {'loss': 'modified_huber', 'penalty': 'l2', 'learning_rate': 'adaptive', 'eta0': 0.25}
[LINE:14]# [2019-10-11 17:45:12,785]  Ошибка SGDClassifier: 9.94% with params {'loss': 'modified_huber', 'penalty': 'l1', 'learning_rate': 'constant', 'eta0': 0.1}
[LINE:14]# [2019-10-11 17:45:22,507]  Ошибка SGDClassifier: 19.78% with params {'loss': 'modified_huber', 'penalty': 'l1', 'learning_rate': 'constant', 'eta0': 0.01}
[LINE:14]# [2019-10-11 17:45:32,189]  Ошибка SGDClassifier: 27.56% with params {'loss': 'modified_huber', 'penalty': 'l1', 'learning_rate': 'constant', 'eta0': 0.001}
[LINE:14]# [2019-10-11 17:45:41,777]  Ошибка SGDClassifier: 8.76% with params {'loss': 'modified_huber', 'penalty': 'l1', 'learning_rate': 'constant', 'eta0': 0.25}
[LINE:14]# [2019-10-11 17:45:51,273]  Ошибка SGDClassifier: 8.34% with params {'loss': 'modified_huber', 'penalty': 'l1', 'learning_rate': 'optimal', 'eta0': 0.1}
[LINE:14]# [2019-10-11 17:46:00,787]  Ошибка SGDClassifier: 8.31% with params {'loss': 'modified_huber', 'penalty': 'l1', 'learning_rate': 'optimal', 'eta0': 0.01}
[LINE:14]# [2019-10-11 17:46:10,286]  Ошибка SGDClassifier: 8.43% with params {'loss': 'modified_huber', 'penalty': 'l1', 'learning_rate': 'optimal', 'eta0': 0.001}
[LINE:14]# [2019-10-11 17:46:19,792]  Ошибка SGDClassifier: 8.60% with params {'loss': 'modified_huber', 'penalty': 'l1', 'learning_rate': 'optimal', 'eta0': 0.25}
[LINE:14]# [2019-10-11 17:46:29,485]  Ошибка SGDClassifier: 27.56% with params {'loss': 'modified_huber', 'penalty': 'l1', 'learning_rate': 'invscaling', 'eta0': 0.1}
[LINE:14]# [2019-10-11 17:46:39,157]  Ошибка SGDClassifier: 27.56% with params {'loss': 'modified_huber', 'penalty': 'l1', 'learning_rate': 'invscaling', 'eta0': 0.01}
[LINE:14]# [2019-10-11 17:46:48,840]  Ошибка SGDClassifier: 27.56% with params {'loss': 'modified_huber', 'penalty': 'l1', 'learning_rate': 'invscaling', 'eta0': 0.001}
[LINE:14]# [2019-10-11 17:46:58,569]  Ошибка SGDClassifier: 27.56% with params {'loss': 'modified_huber', 'penalty': 'l1', 'learning_rate': 'invscaling', 'eta0': 0.25}
[LINE:14]# [2019-10-11 17:47:08,224]  Ошибка SGDClassifier: 10.22% with params {'loss': 'modified_huber', 'penalty': 'l1', 'learning_rate': 'adaptive', 'eta0': 0.1}
[LINE:14]# [2019-10-11 17:47:17,941]  Ошибка SGDClassifier: 20.01% with params {'loss': 'modified_huber', 'penalty': 'l1', 'learning_rate': 'adaptive', 'eta0': 0.01}
[LINE:14]# [2019-10-11 17:47:27,639]  Ошибка SGDClassifier: 27.56% with params {'loss': 'modified_huber', 'penalty': 'l1', 'learning_rate': 'adaptive', 'eta0': 0.001}
[LINE:14]# [2019-10-11 17:47:37,233]  Ошибка SGDClassifier: 8.92% with params {'loss': 'modified_huber', 'penalty': 'l1', 'learning_rate': 'adaptive', 'eta0': 0.25}
[LINE:14]# [2019-10-11 17:47:46,997]  Ошибка SGDClassifier: 9.42% with params {'loss': 'modified_huber', 'penalty': 'elasticnet', 'learning_rate': 'constant', 'eta0': 0.1}
[LINE:14]# [2019-10-11 17:47:56,757]  Ошибка SGDClassifier: 17.88% with params {'loss': 'modified_huber', 'penalty': 'elasticnet', 'learning_rate': 'constant', 'eta0': 0.01}
[LINE:14]# [2019-10-11 17:48:06,452]  Ошибка SGDClassifier: 27.56% with params {'loss': 'modified_huber', 'penalty': 'elasticnet', 'learning_rate': 'constant', 'eta0': 0.001}
[LINE:14]# [2019-10-11 17:48:16,209]  Ошибка SGDClassifier: 8.45% with params {'loss': 'modified_huber', 'penalty': 'elasticnet', 'learning_rate': 'constant', 'eta0': 0.25}
[LINE:14]# [2019-10-11 17:48:25,980]  Ошибка SGDClassifier: 8.51% with params {'loss': 'modified_huber', 'penalty': 'elasticnet', 'learning_rate': 'optimal', 'eta0': 0.1}
[LINE:14]# [2019-10-11 17:48:35,744]  Ошибка SGDClassifier: 8.90% with params {'loss': 'modified_huber', 'penalty': 'elasticnet', 'learning_rate': 'optimal', 'eta0': 0.01}
[LINE:14]# [2019-10-11 17:48:45,481]  Ошибка SGDClassifier: 8.93% with params {'loss': 'modified_huber', 'penalty': 'elasticnet', 'learning_rate': 'optimal', 'eta0': 0.001}
[LINE:14]# [2019-10-11 17:48:55,214]  Ошибка SGDClassifier: 8.85% with params {'loss': 'modified_huber', 'penalty': 'elasticnet', 'learning_rate': 'optimal', 'eta0': 0.25}
[LINE:14]# [2019-10-11 17:49:04,944]  Ошибка SGDClassifier: 27.56% with params {'loss': 'modified_huber', 'penalty': 'elasticnet', 'learning_rate': 'invscaling', 'eta0': 0.1}
[LINE:14]# [2019-10-11 17:49:14,641]  Ошибка SGDClassifier: 27.56% with params {'loss': 'modified_huber', 'penalty': 'elasticnet', 'learning_rate': 'invscaling', 'eta0': 0.01}
[LINE:14]# [2019-10-11 17:49:24,331]  Ошибка SGDClassifier: 27.56% with params {'loss': 'modified_huber', 'penalty': 'elasticnet', 'learning_rate': 'invscaling', 'eta0': 0.001}
[LINE:14]# [2019-10-11 17:49:34,074]  Ошибка SGDClassifier: 27.51% with params {'loss': 'modified_huber', 'penalty': 'elasticnet', 'learning_rate': 'invscaling', 'eta0': 0.25}
[LINE:14]# [2019-10-11 17:49:43,860]  Ошибка SGDClassifier: 9.07% with params {'loss': 'modified_huber', 'penalty': 'elasticnet', 'learning_rate': 'adaptive', 'eta0': 0.1}
[LINE:14]# [2019-10-11 17:49:53,626]  Ошибка SGDClassifier: 17.95% with params {'loss': 'modified_huber', 'penalty': 'elasticnet', 'learning_rate': 'adaptive', 'eta0': 0.01}
[LINE:14]# [2019-10-11 17:50:03,380]  Ошибка SGDClassifier: 27.56% with params {'loss': 'modified_huber', 'penalty': 'elasticnet', 'learning_rate': 'adaptive', 'eta0': 0.001}
[LINE:14]# [2019-10-11 17:50:13,179]  Ошибка SGDClassifier: 8.36% with params {'loss': 'modified_huber', 'penalty': 'elasticnet', 'learning_rate': 'adaptive', 'eta0': 0.25}
[LINE:14]# [2019-10-11 17:50:22,076]  Ошибка SGDClassifier: 7.07% with params {'loss': 'squared_hinge', 'penalty': 'none', 'learning_rate': 'constant', 'eta0': 0.1}
[LINE:14]# [2019-10-11 17:50:31,008]  Ошибка SGDClassifier: 15.10% with params {'loss': 'squared_hinge', 'penalty': 'none', 'learning_rate': 'constant', 'eta0': 0.01}
[LINE:14]# [2019-10-11 17:50:39,943]  Ошибка SGDClassifier: 27.56% with params {'loss': 'squared_hinge', 'penalty': 'none', 'learning_rate': 'constant', 'eta0': 0.001}
[LINE:14]# [2019-10-11 17:50:48,826]  Ошибка SGDClassifier: 7.07% with params {'loss': 'squared_hinge', 'penalty': 'none', 'learning_rate': 'constant', 'eta0': 0.25}
[LINE:14]# [2019-10-11 17:50:57,672]  Ошибка SGDClassifier: 9.96% with params {'loss': 'squared_hinge', 'penalty': 'none', 'learning_rate': 'optimal', 'eta0': 0.1}
[LINE:14]# [2019-10-11 17:51:06,519]  Ошибка SGDClassifier: 8.90% with params {'loss': 'squared_hinge', 'penalty': 'none', 'learning_rate': 'optimal', 'eta0': 0.01}
[LINE:14]# [2019-10-11 17:51:15,352]  Ошибка SGDClassifier: 9.18% with params {'loss': 'squared_hinge', 'penalty': 'none', 'learning_rate': 'optimal', 'eta0': 0.001}
[LINE:14]# [2019-10-11 17:51:24,196]  Ошибка SGDClassifier: 9.51% with params {'loss': 'squared_hinge', 'penalty': 'none', 'learning_rate': 'optimal', 'eta0': 0.25}
[LINE:14]# [2019-10-11 17:51:33,139]  Ошибка SGDClassifier: 27.56% with params {'loss': 'squared_hinge', 'penalty': 'none', 'learning_rate': 'invscaling', 'eta0': 0.1}
[LINE:14]# [2019-10-11 17:51:42,081]  Ошибка SGDClassifier: 27.56% with params {'loss': 'squared_hinge', 'penalty': 'none', 'learning_rate': 'invscaling', 'eta0': 0.01}
[LINE:14]# [2019-10-11 17:51:51,022]  Ошибка SGDClassifier: 27.56% with params {'loss': 'squared_hinge', 'penalty': 'none', 'learning_rate': 'invscaling', 'eta0': 0.001}
[LINE:14]# [2019-10-11 17:51:59,966]  Ошибка SGDClassifier: 27.49% with params {'loss': 'squared_hinge', 'penalty': 'none', 'learning_rate': 'invscaling', 'eta0': 0.25}
[LINE:14]# [2019-10-11 17:52:08,854]  Ошибка SGDClassifier: 7.07% with params {'loss': 'squared_hinge', 'penalty': 'none', 'learning_rate': 'adaptive', 'eta0': 0.1}
[LINE:14]# [2019-10-11 17:52:17,769]  Ошибка SGDClassifier: 15.60% with params {'loss': 'squared_hinge', 'penalty': 'none', 'learning_rate': 'adaptive', 'eta0': 0.01}
[LINE:14]# [2019-10-11 17:52:26,689]  Ошибка SGDClassifier: 27.56% with params {'loss': 'squared_hinge', 'penalty': 'none', 'learning_rate': 'adaptive', 'eta0': 0.001}
[LINE:14]# [2019-10-11 17:52:35,552]  Ошибка SGDClassifier: 7.12% with params {'loss': 'squared_hinge', 'penalty': 'none', 'learning_rate': 'adaptive', 'eta0': 0.25}
[LINE:14]# [2019-10-11 17:52:44,447]  Ошибка SGDClassifier: 8.29% with params {'loss': 'squared_hinge', 'penalty': 'l2', 'learning_rate': 'constant', 'eta0': 0.1}
[LINE:14]# [2019-10-11 17:52:53,363]  Ошибка SGDClassifier: 16.25% with params {'loss': 'squared_hinge', 'penalty': 'l2', 'learning_rate': 'constant', 'eta0': 0.01}
[LINE:14]# [2019-10-11 17:53:02,296]  Ошибка SGDClassifier: 27.56% with params {'loss': 'squared_hinge', 'penalty': 'l2', 'learning_rate': 'constant', 'eta0': 0.001}
[LINE:14]# [2019-10-11 17:53:11,195]  Ошибка SGDClassifier: 7.87% with params {'loss': 'squared_hinge', 'penalty': 'l2', 'learning_rate': 'constant', 'eta0': 0.25}
[LINE:14]# [2019-10-11 17:53:20,086]  Ошибка SGDClassifier: 8.10% with params {'loss': 'squared_hinge', 'penalty': 'l2', 'learning_rate': 'optimal', 'eta0': 0.1}
[LINE:14]# [2019-10-11 17:53:28,976]  Ошибка SGDClassifier: 7.66% with params {'loss': 'squared_hinge', 'penalty': 'l2', 'learning_rate': 'optimal', 'eta0': 0.01}
[LINE:14]# [2019-10-11 17:53:37,857]  Ошибка SGDClassifier: 7.87% with params {'loss': 'squared_hinge', 'penalty': 'l2', 'learning_rate': 'optimal', 'eta0': 0.001}
[LINE:14]# [2019-10-11 17:53:46,751]  Ошибка SGDClassifier: 7.75% with params {'loss': 'squared_hinge', 'penalty': 'l2', 'learning_rate': 'optimal', 'eta0': 0.25}
[LINE:14]# [2019-10-11 17:53:55,698]  Ошибка SGDClassifier: 27.56% with params {'loss': 'squared_hinge', 'penalty': 'l2', 'learning_rate': 'invscaling', 'eta0': 0.1}
[LINE:14]# [2019-10-11 17:54:04,638]  Ошибка SGDClassifier: 27.56% with params {'loss': 'squared_hinge', 'penalty': 'l2', 'learning_rate': 'invscaling', 'eta0': 0.01}
[LINE:14]# [2019-10-11 17:54:13,566]  Ошибка SGDClassifier: 27.56% with params {'loss': 'squared_hinge', 'penalty': 'l2', 'learning_rate': 'invscaling', 'eta0': 0.001}
[LINE:14]# [2019-10-11 17:54:22,498]  Ошибка SGDClassifier: 27.51% with params {'loss': 'squared_hinge', 'penalty': 'l2', 'learning_rate': 'invscaling', 'eta0': 0.25}
[LINE:14]# [2019-10-11 17:54:31,398]  Ошибка SGDClassifier: 8.01% with params {'loss': 'squared_hinge', 'penalty': 'l2', 'learning_rate': 'adaptive', 'eta0': 0.1}
[LINE:14]# [2019-10-11 17:54:40,352]  Ошибка SGDClassifier: 16.23% with params {'loss': 'squared_hinge', 'penalty': 'l2', 'learning_rate': 'adaptive', 'eta0': 0.01}
[LINE:14]# [2019-10-11 17:54:49,269]  Ошибка SGDClassifier: 27.56% with params {'loss': 'squared_hinge', 'penalty': 'l2', 'learning_rate': 'adaptive', 'eta0': 0.001}
[LINE:14]# [2019-10-11 17:54:58,161]  Ошибка SGDClassifier: 8.15% with params {'loss': 'squared_hinge', 'penalty': 'l2', 'learning_rate': 'adaptive', 'eta0': 0.25}
[LINE:14]# [2019-10-11 17:55:07,819]  Ошибка SGDClassifier: 9.99% with params {'loss': 'squared_hinge', 'penalty': 'l1', 'learning_rate': 'constant', 'eta0': 0.1}
[LINE:14]# [2019-10-11 17:55:17,552]  Ошибка SGDClassifier: 19.95% with params {'loss': 'squared_hinge', 'penalty': 'l1', 'learning_rate': 'constant', 'eta0': 0.01}
[LINE:14]# [2019-10-11 17:55:27,244]  Ошибка SGDClassifier: 27.56% with params {'loss': 'squared_hinge', 'penalty': 'l1', 'learning_rate': 'constant', 'eta0': 0.001}
[LINE:14]# [2019-10-11 17:55:36,840]  Ошибка SGDClassifier: 8.57% with params {'loss': 'squared_hinge', 'penalty': 'l1', 'learning_rate': 'constant', 'eta0': 0.25}
[LINE:14]# [2019-10-11 17:55:46,330]  Ошибка SGDClassifier: 8.55% with params {'loss': 'squared_hinge', 'penalty': 'l1', 'learning_rate': 'optimal', 'eta0': 0.1}
[LINE:14]# [2019-10-11 17:55:55,840]  Ошибка SGDClassifier: 9.45% with params {'loss': 'squared_hinge', 'penalty': 'l1', 'learning_rate': 'optimal', 'eta0': 0.01}
[LINE:14]# [2019-10-11 17:56:05,337]  Ошибка SGDClassifier: 9.61% with params {'loss': 'squared_hinge', 'penalty': 'l1', 'learning_rate': 'optimal', 'eta0': 0.001}
[LINE:14]# [2019-10-11 17:56:14,847]  Ошибка SGDClassifier: 11.84% with params {'loss': 'squared_hinge', 'penalty': 'l1', 'learning_rate': 'optimal', 'eta0': 0.25}
[LINE:14]# [2019-10-11 17:56:24,553]  Ошибка SGDClassifier: 27.56% with params {'loss': 'squared_hinge', 'penalty': 'l1', 'learning_rate': 'invscaling', 'eta0': 0.1}
[LINE:14]# [2019-10-11 17:56:34,236]  Ошибка SGDClassifier: 27.56% with params {'loss': 'squared_hinge', 'penalty': 'l1', 'learning_rate': 'invscaling', 'eta0': 0.01}
[LINE:14]# [2019-10-11 17:56:43,921]  Ошибка SGDClassifier: 27.56% with params {'loss': 'squared_hinge', 'penalty': 'l1', 'learning_rate': 'invscaling', 'eta0': 0.001}
[LINE:14]# [2019-10-11 17:56:53,640]  Ошибка SGDClassifier: 27.56% with params {'loss': 'squared_hinge', 'penalty': 'l1', 'learning_rate': 'invscaling', 'eta0': 0.25}
[LINE:14]# [2019-10-11 17:57:03,294]  Ошибка SGDClassifier: 10.19% with params {'loss': 'squared_hinge', 'penalty': 'l1', 'learning_rate': 'adaptive', 'eta0': 0.1}
[LINE:14]# [2019-10-11 17:57:13,052]  Ошибка SGDClassifier: 20.04% with params {'loss': 'squared_hinge', 'penalty': 'l1', 'learning_rate': 'adaptive', 'eta0': 0.01}
[LINE:14]# [2019-10-11 17:57:22,739]  Ошибка SGDClassifier: 27.56% with params {'loss': 'squared_hinge', 'penalty': 'l1', 'learning_rate': 'adaptive', 'eta0': 0.001}
[LINE:14]# [2019-10-11 17:57:32,342]  Ошибка SGDClassifier: 9.00% with params {'loss': 'squared_hinge', 'penalty': 'l1', 'learning_rate': 'adaptive', 'eta0': 0.25}
[LINE:14]# [2019-10-11 17:57:42,118]  Ошибка SGDClassifier: 9.25% with params {'loss': 'squared_hinge', 'penalty': 'elasticnet', 'learning_rate': 'constant', 'eta0': 0.1}
[LINE:14]# [2019-10-11 17:57:51,883]  Ошибка SGDClassifier: 17.76% with params {'loss': 'squared_hinge', 'penalty': 'elasticnet', 'learning_rate': 'constant', 'eta0': 0.01}
[LINE:14]# [2019-10-11 17:58:01,594]  Ошибка SGDClassifier: 27.56% with params {'loss': 'squared_hinge', 'penalty': 'elasticnet', 'learning_rate': 'constant', 'eta0': 0.001}
[LINE:14]# [2019-10-11 17:58:11,361]  Ошибка SGDClassifier: 8.67% with params {'loss': 'squared_hinge', 'penalty': 'elasticnet', 'learning_rate': 'constant', 'eta0': 0.25}
[LINE:14]# [2019-10-11 17:58:21,077]  Ошибка SGDClassifier: 8.51% with params {'loss': 'squared_hinge', 'penalty': 'elasticnet', 'learning_rate': 'optimal', 'eta0': 0.1}
[LINE:14]# [2019-10-11 17:58:30,801]  Ошибка SGDClassifier: 9.16% with params {'loss': 'squared_hinge', 'penalty': 'elasticnet', 'learning_rate': 'optimal', 'eta0': 0.01}
[LINE:14]# [2019-10-11 17:58:40,527]  Ошибка SGDClassifier: 8.79% with params {'loss': 'squared_hinge', 'penalty': 'elasticnet', 'learning_rate': 'optimal', 'eta0': 0.001}
[LINE:14]# [2019-10-11 17:58:50,246]  Ошибка SGDClassifier: 9.25% with params {'loss': 'squared_hinge', 'penalty': 'elasticnet', 'learning_rate': 'optimal', 'eta0': 0.25}
[LINE:14]# [2019-10-11 17:58:59,957]  Ошибка SGDClassifier: 27.56% with params {'loss': 'squared_hinge', 'penalty': 'elasticnet', 'learning_rate': 'invscaling', 'eta0': 0.1}
[LINE:14]# [2019-10-11 17:59:09,633]  Ошибка SGDClassifier: 27.56% with params {'loss': 'squared_hinge', 'penalty': 'elasticnet', 'learning_rate': 'invscaling', 'eta0': 0.01}
[LINE:14]# [2019-10-11 17:59:19,316]  Ошибка SGDClassifier: 27.56% with params {'loss': 'squared_hinge', 'penalty': 'elasticnet', 'learning_rate': 'invscaling', 'eta0': 0.001}
[LINE:14]# [2019-10-11 17:59:29,049]  Ошибка SGDClassifier: 27.51% with params {'loss': 'squared_hinge', 'penalty': 'elasticnet', 'learning_rate': 'invscaling', 'eta0': 0.25}
[LINE:14]# [2019-10-11 17:59:38,817]  Ошибка SGDClassifier: 9.56% with params {'loss': 'squared_hinge', 'penalty': 'elasticnet', 'learning_rate': 'adaptive', 'eta0': 0.1}
[LINE:14]# [2019-10-11 17:59:48,575]  Ошибка SGDClassifier: 17.55% with params {'loss': 'squared_hinge', 'penalty': 'elasticnet', 'learning_rate': 'adaptive', 'eta0': 0.01}
[LINE:14]# [2019-10-11 17:59:58,284]  Ошибка SGDClassifier: 27.56% with params {'loss': 'squared_hinge', 'penalty': 'elasticnet', 'learning_rate': 'adaptive', 'eta0': 0.001}
[LINE:14]# [2019-10-11 18:00:08,046]  Ошибка SGDClassifier: 8.98% with params {'loss': 'squared_hinge', 'penalty': 'elasticnet', 'learning_rate': 'adaptive', 'eta0': 0.25}
[LINE:14]# [2019-10-11 18:00:16,872]  Ошибка SGDClassifier: 7.35% with params {'loss': 'perceptron', 'penalty': 'none', 'learning_rate': 'constant', 'eta0': 0.1}
[LINE:14]# [2019-10-11 18:00:25,702]  Ошибка SGDClassifier: 7.14% with params {'loss': 'perceptron', 'penalty': 'none', 'learning_rate': 'constant', 'eta0': 0.01}
[LINE:14]# [2019-10-11 18:00:34,526]  Ошибка SGDClassifier: 7.54% with params {'loss': 'perceptron', 'penalty': 'none', 'learning_rate': 'constant', 'eta0': 0.001}
[LINE:14]# [2019-10-11 18:00:43,361]  Ошибка SGDClassifier: 7.37% with params {'loss': 'perceptron', 'penalty': 'none', 'learning_rate': 'constant', 'eta0': 0.25}
[LINE:14]# [2019-10-11 18:00:52,191]  Ошибка SGDClassifier: 8.34% with params {'loss': 'perceptron', 'penalty': 'none', 'learning_rate': 'optimal', 'eta0': 0.1}
[LINE:14]# [2019-10-11 18:01:01,036]  Ошибка SGDClassifier: 8.45% with params {'loss': 'perceptron', 'penalty': 'none', 'learning_rate': 'optimal', 'eta0': 0.01}
[LINE:14]# [2019-10-11 18:01:09,865]  Ошибка SGDClassifier: 8.15% with params {'loss': 'perceptron', 'penalty': 'none', 'learning_rate': 'optimal', 'eta0': 0.001}
[LINE:14]# [2019-10-11 18:01:18,701]  Ошибка SGDClassifier: 8.24% with params {'loss': 'perceptron', 'penalty': 'none', 'learning_rate': 'optimal', 'eta0': 0.25}
[LINE:14]# [2019-10-11 18:01:27,549]  Ошибка SGDClassifier: 9.19% with params {'loss': 'perceptron', 'penalty': 'none', 'learning_rate': 'invscaling', 'eta0': 0.1}
[LINE:14]# [2019-10-11 18:01:36,394]  Ошибка SGDClassifier: 9.91% with params {'loss': 'perceptron', 'penalty': 'none', 'learning_rate': 'invscaling', 'eta0': 0.01}
[LINE:14]# [2019-10-11 18:01:45,230]  Ошибка SGDClassifier: 9.07% with params {'loss': 'perceptron', 'penalty': 'none', 'learning_rate': 'invscaling', 'eta0': 0.001}
[LINE:14]# [2019-10-11 18:01:54,071]  Ошибка SGDClassifier: 9.45% with params {'loss': 'perceptron', 'penalty': 'none', 'learning_rate': 'invscaling', 'eta0': 0.25}
[LINE:14]# [2019-10-11 18:02:02,897]  Ошибка SGDClassifier: 7.66% with params {'loss': 'perceptron', 'penalty': 'none', 'learning_rate': 'adaptive', 'eta0': 0.1}
[LINE:14]# [2019-10-11 18:02:11,735]  Ошибка SGDClassifier: 7.44% with params {'loss': 'perceptron', 'penalty': 'none', 'learning_rate': 'adaptive', 'eta0': 0.01}
[LINE:14]# [2019-10-11 18:02:20,561]  Ошибка SGDClassifier: 7.52% with params {'loss': 'perceptron', 'penalty': 'none', 'learning_rate': 'adaptive', 'eta0': 0.001}
[LINE:14]# [2019-10-11 18:02:29,385]  Ошибка SGDClassifier: 7.42% with params {'loss': 'perceptron', 'penalty': 'none', 'learning_rate': 'adaptive', 'eta0': 0.25}
[LINE:14]# [2019-10-11 18:02:38,215]  Ошибка SGDClassifier: 7.63% with params {'loss': 'perceptron', 'penalty': 'l2', 'learning_rate': 'constant', 'eta0': 0.1}
[LINE:14]# [2019-10-11 18:02:47,050]  Ошибка SGDClassifier: 7.50% with params {'loss': 'perceptron', 'penalty': 'l2', 'learning_rate': 'constant', 'eta0': 0.01}
[LINE:14]# [2019-10-11 18:02:55,875]  Ошибка SGDClassifier: 7.49% with params {'loss': 'perceptron', 'penalty': 'l2', 'learning_rate': 'constant', 'eta0': 0.001}
[LINE:14]# [2019-10-11 18:03:04,715]  Ошибка SGDClassifier: 9.99% with params {'loss': 'perceptron', 'penalty': 'l2', 'learning_rate': 'constant', 'eta0': 0.25}
[LINE:14]# [2019-10-11 18:03:13,550]  Ошибка SGDClassifier: 7.66% with params {'loss': 'perceptron', 'penalty': 'l2', 'learning_rate': 'optimal', 'eta0': 0.1}
[LINE:14]# [2019-10-11 18:03:22,384]  Ошибка SGDClassifier: 7.66% with params {'loss': 'perceptron', 'penalty': 'l2', 'learning_rate': 'optimal', 'eta0': 0.01}
[LINE:14]# [2019-10-11 18:03:31,207]  Ошибка SGDClassifier: 7.30% with params {'loss': 'perceptron', 'penalty': 'l2', 'learning_rate': 'optimal', 'eta0': 0.001}
[LINE:14]# [2019-10-11 18:03:40,047]  Ошибка SGDClassifier: 7.89% with params {'loss': 'perceptron', 'penalty': 'l2', 'learning_rate': 'optimal', 'eta0': 0.25}
[LINE:14]# [2019-10-11 18:03:48,892]  Ошибка SGDClassifier: 8.97% with params {'loss': 'perceptron', 'penalty': 'l2', 'learning_rate': 'invscaling', 'eta0': 0.1}
[LINE:14]# [2019-10-11 18:03:57,754]  Ошибка SGDClassifier: 9.23% with params {'loss': 'perceptron', 'penalty': 'l2', 'learning_rate': 'invscaling', 'eta0': 0.01}
[LINE:14]# [2019-10-11 18:04:06,598]  Ошибка SGDClassifier: 9.40% with params {'loss': 'perceptron', 'penalty': 'l2', 'learning_rate': 'invscaling', 'eta0': 0.001}
[LINE:14]# [2019-10-11 18:04:15,450]  Ошибка SGDClassifier: 9.37% with params {'loss': 'perceptron', 'penalty': 'l2', 'learning_rate': 'invscaling', 'eta0': 0.25}
[LINE:14]# [2019-10-11 18:04:24,284]  Ошибка SGDClassifier: 7.89% with params {'loss': 'perceptron', 'penalty': 'l2', 'learning_rate': 'adaptive', 'eta0': 0.1}
[LINE:14]# [2019-10-11 18:04:33,126]  Ошибка SGDClassifier: 7.84% with params {'loss': 'perceptron', 'penalty': 'l2', 'learning_rate': 'adaptive', 'eta0': 0.01}
[LINE:14]# [2019-10-11 18:04:41,971]  Ошибка SGDClassifier: 7.59% with params {'loss': 'perceptron', 'penalty': 'l2', 'learning_rate': 'adaptive', 'eta0': 0.001}
[LINE:14]# [2019-10-11 18:04:50,804]  Ошибка SGDClassifier: 9.45% with params {'loss': 'perceptron', 'penalty': 'l2', 'learning_rate': 'adaptive', 'eta0': 0.25}
[LINE:14]# [2019-10-11 18:05:00,184]  Ошибка SGDClassifier: 13.58% with params {'loss': 'perceptron', 'penalty': 'l1', 'learning_rate': 'constant', 'eta0': 0.1}
[LINE:14]# [2019-10-11 18:05:09,542]  Ошибка SGDClassifier: 40.52% with params {'loss': 'perceptron', 'penalty': 'l1', 'learning_rate': 'constant', 'eta0': 0.01}
[LINE:14]# [2019-10-11 18:05:18,900]  Ошибка SGDClassifier: 16.61% with params {'loss': 'perceptron', 'penalty': 'l1', 'learning_rate': 'constant', 'eta0': 0.001}
[LINE:14]# [2019-10-11 18:05:28,259]  Ошибка SGDClassifier: 19.75% with params {'loss': 'perceptron', 'penalty': 'l1', 'learning_rate': 'constant', 'eta0': 0.25}
[LINE:14]# [2019-10-11 18:05:37,626]  Ошибка SGDClassifier: 14.91% with params {'loss': 'perceptron', 'penalty': 'l1', 'learning_rate': 'optimal', 'eta0': 0.1}
[LINE:14]# [2019-10-11 18:05:46,991]  Ошибка SGDClassifier: 14.84% with params {'loss': 'perceptron', 'penalty': 'l1', 'learning_rate': 'optimal', 'eta0': 0.01}
[LINE:14]# [2019-10-11 18:05:56,347]  Ошибка SGDClassifier: 20.90% with params {'loss': 'perceptron', 'penalty': 'l1', 'learning_rate': 'optimal', 'eta0': 0.001}
[LINE:14]# [2019-10-11 18:06:05,703]  Ошибка SGDClassifier: 45.10% with params {'loss': 'perceptron', 'penalty': 'l1', 'learning_rate': 'optimal', 'eta0': 0.25}
[LINE:14]# [2019-10-11 18:06:15,075]  Ошибка SGDClassifier: 26.10% with params {'loss': 'perceptron', 'penalty': 'l1', 'learning_rate': 'invscaling', 'eta0': 0.1}
[LINE:14]# [2019-10-11 18:06:24,445]  Ошибка SGDClassifier: 21.68% with params {'loss': 'perceptron', 'penalty': 'l1', 'learning_rate': 'invscaling', 'eta0': 0.01}
[LINE:14]# [2019-10-11 18:06:33,814]  Ошибка SGDClassifier: 12.99% with params {'loss': 'perceptron', 'penalty': 'l1', 'learning_rate': 'invscaling', 'eta0': 0.001}
[LINE:14]# [2019-10-11 18:06:43,184]  Ошибка SGDClassifier: 21.19% with params {'loss': 'perceptron', 'penalty': 'l1', 'learning_rate': 'invscaling', 'eta0': 0.25}
[LINE:14]# [2019-10-11 18:06:52,536]  Ошибка SGDClassifier: 14.73% with params {'loss': 'perceptron', 'penalty': 'l1', 'learning_rate': 'adaptive', 'eta0': 0.1}
[LINE:14]# [2019-10-11 18:07:01,889]  Ошибка SGDClassifier: 23.59% with params {'loss': 'perceptron', 'penalty': 'l1', 'learning_rate': 'adaptive', 'eta0': 0.01}
[LINE:14]# [2019-10-11 18:07:11,241]  Ошибка SGDClassifier: 21.82% with params {'loss': 'perceptron', 'penalty': 'l1', 'learning_rate': 'adaptive', 'eta0': 0.001}
[LINE:14]# [2019-10-11 18:07:20,594]  Ошибка SGDClassifier: 20.20% with params {'loss': 'perceptron', 'penalty': 'l1', 'learning_rate': 'adaptive', 'eta0': 0.25}
[LINE:14]# [2019-10-11 18:07:29,975]  Ошибка SGDClassifier: 9.28% with params {'loss': 'perceptron', 'penalty': 'elasticnet', 'learning_rate': 'constant', 'eta0': 0.1}
[LINE:14]# [2019-10-11 18:07:39,351]  Ошибка SGDClassifier: 13.91% with params {'loss': 'perceptron', 'penalty': 'elasticnet', 'learning_rate': 'constant', 'eta0': 0.01}
[LINE:14]# [2019-10-11 18:07:48,740]  Ошибка SGDClassifier: 13.91% with params {'loss': 'perceptron', 'penalty': 'elasticnet', 'learning_rate': 'constant', 'eta0': 0.001}
[LINE:14]# [2019-10-11 18:07:58,122]  Ошибка SGDClassifier: 9.70% with params {'loss': 'perceptron', 'penalty': 'elasticnet', 'learning_rate': 'constant', 'eta0': 0.25}
[LINE:14]# [2019-10-11 18:08:07,489]  Ошибка SGDClassifier: 14.12% with params {'loss': 'perceptron', 'penalty': 'elasticnet', 'learning_rate': 'optimal', 'eta0': 0.1}
[LINE:14]# [2019-10-11 18:08:16,865]  Ошибка SGDClassifier: 12.64% with params {'loss': 'perceptron', 'penalty': 'elasticnet', 'learning_rate': 'optimal', 'eta0': 0.01}
[LINE:14]# [2019-10-11 18:08:26,230]  Ошибка SGDClassifier: 13.48% with params {'loss': 'perceptron', 'penalty': 'elasticnet', 'learning_rate': 'optimal', 'eta0': 0.001}
[LINE:14]# [2019-10-11 18:08:35,590]  Ошибка SGDClassifier: 9.72% with params {'loss': 'perceptron', 'penalty': 'elasticnet', 'learning_rate': 'optimal', 'eta0': 0.25}
[LINE:14]# [2019-10-11 18:08:45,073]  Ошибка SGDClassifier: 10.52% with params {'loss': 'perceptron', 'penalty': 'elasticnet', 'learning_rate': 'invscaling', 'eta0': 0.1}
[LINE:14]# [2019-10-11 18:08:54,523]  Ошибка SGDClassifier: 9.94% with params {'loss': 'perceptron', 'penalty': 'elasticnet', 'learning_rate': 'invscaling', 'eta0': 0.01}
[LINE:14]# [2019-10-11 18:09:03,994]  Ошибка SGDClassifier: 9.66% with params {'loss': 'perceptron', 'penalty': 'elasticnet', 'learning_rate': 'invscaling', 'eta0': 0.001}
[LINE:14]# [2019-10-11 18:09:13,442]  Ошибка SGDClassifier: 10.17% with params {'loss': 'perceptron', 'penalty': 'elasticnet', 'learning_rate': 'invscaling', 'eta0': 0.25}
[LINE:14]# [2019-10-11 18:09:22,816]  Ошибка SGDClassifier: 17.64% with params {'loss': 'perceptron', 'penalty': 'elasticnet', 'learning_rate': 'adaptive', 'eta0': 0.1}
[LINE:14]# [2019-10-11 18:09:32,202]  Ошибка SGDClassifier: 8.79% with params {'loss': 'perceptron', 'penalty': 'elasticnet', 'learning_rate': 'adaptive', 'eta0': 0.01}
[LINE:14]# [2019-10-11 18:09:41,580]  Ошибка SGDClassifier: 13.62% with params {'loss': 'perceptron', 'penalty': 'elasticnet', 'learning_rate': 'adaptive', 'eta0': 0.001}
[LINE:14]# [2019-10-11 18:09:50,972]  Ошибка SGDClassifier: 14.49% with params {'loss': 'perceptron', 'penalty': 'elasticnet', 'learning_rate': 'adaptive', 'eta0': 0.25}
[LINE:14]# [2019-10-11 18:09:59,890]  Ошибка SGDClassifier: 8.71% with params {'loss': 'squared_loss', 'penalty': 'none', 'learning_rate': 'constant', 'eta0': 0.1}
[LINE:14]# [2019-10-11 18:10:08,820]  Ошибка SGDClassifier: 22.27% with params {'loss': 'squared_loss', 'penalty': 'none', 'learning_rate': 'constant', 'eta0': 0.01}
[LINE:14]# [2019-10-11 18:10:17,746]  Ошибка SGDClassifier: 27.56% with params {'loss': 'squared_loss', 'penalty': 'none', 'learning_rate': 'constant', 'eta0': 0.001}
[LINE:14]# [2019-10-11 18:10:26,665]  Ошибка SGDClassifier: 8.13% with params {'loss': 'squared_loss', 'penalty': 'none', 'learning_rate': 'constant', 'eta0': 0.25}
[LINE:14]# [2019-10-11 18:10:35,580]  Ошибка SGDClassifier: 12.87% with params {'loss': 'squared_loss', 'penalty': 'none', 'learning_rate': 'optimal', 'eta0': 0.1}
[LINE:14]# [2019-10-11 18:10:44,501]  Ошибка SGDClassifier: 38.48% with params {'loss': 'squared_loss', 'penalty': 'none', 'learning_rate': 'optimal', 'eta0': 0.01}
[LINE:14]# [2019-10-11 18:10:53,424]  Ошибка SGDClassifier: 51.91% with params {'loss': 'squared_loss', 'penalty': 'none', 'learning_rate': 'optimal', 'eta0': 0.001}
[LINE:14]# [2019-10-11 18:11:02,345]  Ошибка SGDClassifier: 25.16% with params {'loss': 'squared_loss', 'penalty': 'none', 'learning_rate': 'optimal', 'eta0': 0.25}
[LINE:14]# [2019-10-11 18:11:11,279]  Ошибка SGDClassifier: 27.56% with params {'loss': 'squared_loss', 'penalty': 'none', 'learning_rate': 'invscaling', 'eta0': 0.1}
[LINE:14]# [2019-10-11 18:11:20,229]  Ошибка SGDClassifier: 27.56% with params {'loss': 'squared_loss', 'penalty': 'none', 'learning_rate': 'invscaling', 'eta0': 0.01}
[LINE:14]# [2019-10-11 18:11:29,155]  Ошибка SGDClassifier: 27.56% with params {'loss': 'squared_loss', 'penalty': 'none', 'learning_rate': 'invscaling', 'eta0': 0.001}
[LINE:14]# [2019-10-11 18:11:38,091]  Ошибка SGDClassifier: 27.56% with params {'loss': 'squared_loss', 'penalty': 'none', 'learning_rate': 'invscaling', 'eta0': 0.25}
[LINE:14]# [2019-10-11 18:11:47,008]  Ошибка SGDClassifier: 8.79% with params {'loss': 'squared_loss', 'penalty': 'none', 'learning_rate': 'adaptive', 'eta0': 0.1}
[LINE:14]# [2019-10-11 18:11:55,926]  Ошибка SGDClassifier: 22.18% with params {'loss': 'squared_loss', 'penalty': 'none', 'learning_rate': 'adaptive', 'eta0': 0.01}
[LINE:14]# [2019-10-11 18:12:04,842]  Ошибка SGDClassifier: 27.56% with params {'loss': 'squared_loss', 'penalty': 'none', 'learning_rate': 'adaptive', 'eta0': 0.001}
[LINE:14]# [2019-10-11 18:12:13,795]  Ошибка SGDClassifier: 8.13% with params {'loss': 'squared_loss', 'penalty': 'none', 'learning_rate': 'adaptive', 'eta0': 0.25}
[LINE:14]# [2019-10-11 18:12:22,720]  Ошибка SGDClassifier: 10.40% with params {'loss': 'squared_loss', 'penalty': 'l2', 'learning_rate': 'constant', 'eta0': 0.1}
[LINE:14]# [2019-10-11 18:12:31,649]  Ошибка SGDClassifier: 23.59% with params {'loss': 'squared_loss', 'penalty': 'l2', 'learning_rate': 'constant', 'eta0': 0.01}
[LINE:14]# [2019-10-11 18:12:40,569]  Ошибка SGDClassifier: 27.56% with params {'loss': 'squared_loss', 'penalty': 'l2', 'learning_rate': 'constant', 'eta0': 0.001}
[LINE:14]# [2019-10-11 18:12:49,496]  Ошибка SGDClassifier: 9.56% with params {'loss': 'squared_loss', 'penalty': 'l2', 'learning_rate': 'constant', 'eta0': 0.25}
[LINE:14]# [2019-10-11 18:12:58,429]  Ошибка SGDClassifier: 10.34% with params {'loss': 'squared_loss', 'penalty': 'l2', 'learning_rate': 'optimal', 'eta0': 0.1}
[LINE:14]# [2019-10-11 18:13:07,357]  Ошибка SGDClassifier: 9.84% with params {'loss': 'squared_loss', 'penalty': 'l2', 'learning_rate': 'optimal', 'eta0': 0.01}
[LINE:14]# [2019-10-11 18:13:16,294]  Ошибка SGDClassifier: 9.66% with params {'loss': 'squared_loss', 'penalty': 'l2', 'learning_rate': 'optimal', 'eta0': 0.001}
[LINE:14]# [2019-10-11 18:13:25,220]  Ошибка SGDClassifier: 10.17% with params {'loss': 'squared_loss', 'penalty': 'l2', 'learning_rate': 'optimal', 'eta0': 0.25}
[LINE:14]# [2019-10-11 18:13:34,142]  Ошибка SGDClassifier: 27.56% with params {'loss': 'squared_loss', 'penalty': 'l2', 'learning_rate': 'invscaling', 'eta0': 0.1}
[LINE:14]# [2019-10-11 18:13:43,074]  Ошибка SGDClassifier: 27.56% with params {'loss': 'squared_loss', 'penalty': 'l2', 'learning_rate': 'invscaling', 'eta0': 0.01}
[LINE:14]# [2019-10-11 18:13:52,031]  Ошибка SGDClassifier: 27.56% with params {'loss': 'squared_loss', 'penalty': 'l2', 'learning_rate': 'invscaling', 'eta0': 0.001}
[LINE:14]# [2019-10-11 18:14:00,974]  Ошибка SGDClassifier: 27.56% with params {'loss': 'squared_loss', 'penalty': 'l2', 'learning_rate': 'invscaling', 'eta0': 0.25}
[LINE:14]# [2019-10-11 18:14:09,893]  Ошибка SGDClassifier: 10.94% with params {'loss': 'squared_loss', 'penalty': 'l2', 'learning_rate': 'adaptive', 'eta0': 0.1}
[LINE:14]# [2019-10-11 18:14:18,816]  Ошибка SGDClassifier: 23.65% with params {'loss': 'squared_loss', 'penalty': 'l2', 'learning_rate': 'adaptive', 'eta0': 0.01}
[LINE:14]# [2019-10-11 18:14:27,746]  Ошибка SGDClassifier: 27.56% with params {'loss': 'squared_loss', 'penalty': 'l2', 'learning_rate': 'adaptive', 'eta0': 0.001}
[LINE:14]# [2019-10-11 18:14:36,678]  Ошибка SGDClassifier: 10.12% with params {'loss': 'squared_loss', 'penalty': 'l2', 'learning_rate': 'adaptive', 'eta0': 0.25}
[LINE:14]# [2019-10-11 18:14:46,366]  Ошибка SGDClassifier: 14.89% with params {'loss': 'squared_loss', 'penalty': 'l1', 'learning_rate': 'constant', 'eta0': 0.1}
[LINE:14]# [2019-10-11 18:14:56,086]  Ошибка SGDClassifier: 25.72% with params {'loss': 'squared_loss', 'penalty': 'l1', 'learning_rate': 'constant', 'eta0': 0.01}
[LINE:14]# [2019-10-11 18:15:05,765]  Ошибка SGDClassifier: 27.56% with params {'loss': 'squared_loss', 'penalty': 'l1', 'learning_rate': 'constant', 'eta0': 0.001}
[LINE:14]# [2019-10-11 18:15:15,455]  Ошибка SGDClassifier: 13.41% with params {'loss': 'squared_loss', 'penalty': 'l1', 'learning_rate': 'constant', 'eta0': 0.25}
[LINE:14]# [2019-10-11 18:15:25,090]  Ошибка SGDClassifier: 13.22% with params {'loss': 'squared_loss', 'penalty': 'l1', 'learning_rate': 'optimal', 'eta0': 0.1}
[LINE:14]# [2019-10-11 18:15:34,728]  Ошибка SGDClassifier: 13.48% with params {'loss': 'squared_loss', 'penalty': 'l1', 'learning_rate': 'optimal', 'eta0': 0.01}
[LINE:14]# [2019-10-11 18:15:44,361]  Ошибка SGDClassifier: 12.78% with params {'loss': 'squared_loss', 'penalty': 'l1', 'learning_rate': 'optimal', 'eta0': 0.001}
[LINE:14]# [2019-10-11 18:15:53,992]  Ошибка SGDClassifier: 13.46% with params {'loss': 'squared_loss', 'penalty': 'l1', 'learning_rate': 'optimal', 'eta0': 0.25}
[LINE:14]# [2019-10-11 18:16:03,674]  Ошибка SGDClassifier: 27.56% with params {'loss': 'squared_loss', 'penalty': 'l1', 'learning_rate': 'invscaling', 'eta0': 0.1}
[LINE:14]# [2019-10-11 18:16:13,368]  Ошибка SGDClassifier: 27.56% with params {'loss': 'squared_loss', 'penalty': 'l1', 'learning_rate': 'invscaling', 'eta0': 0.01}
[LINE:14]# [2019-10-11 18:16:23,046]  Ошибка SGDClassifier: 27.56% with params {'loss': 'squared_loss', 'penalty': 'l1', 'learning_rate': 'invscaling', 'eta0': 0.001}
[LINE:14]# [2019-10-11 18:16:32,750]  Ошибка SGDClassifier: 27.56% with params {'loss': 'squared_loss', 'penalty': 'l1', 'learning_rate': 'invscaling', 'eta0': 0.25}
[LINE:14]# [2019-10-11 18:16:42,432]  Ошибка SGDClassifier: 15.81% with params {'loss': 'squared_loss', 'penalty': 'l1', 'learning_rate': 'adaptive', 'eta0': 0.1}
[LINE:14]# [2019-10-11 18:16:52,134]  Ошибка SGDClassifier: 25.65% with params {'loss': 'squared_loss', 'penalty': 'l1', 'learning_rate': 'adaptive', 'eta0': 0.01}
[LINE:14]# [2019-10-11 18:17:01,810]  Ошибка SGDClassifier: 27.56% with params {'loss': 'squared_loss', 'penalty': 'l1', 'learning_rate': 'adaptive', 'eta0': 0.001}
[LINE:14]# [2019-10-11 18:17:11,469]  Ошибка SGDClassifier: 13.18% with params {'loss': 'squared_loss', 'penalty': 'l1', 'learning_rate': 'adaptive', 'eta0': 0.25}
[LINE:14]# [2019-10-11 18:17:21,280]  Ошибка SGDClassifier: 13.63% with params {'loss': 'squared_loss', 'penalty': 'elasticnet', 'learning_rate': 'constant', 'eta0': 0.1}
[LINE:14]# [2019-10-11 18:17:31,044]  Ошибка SGDClassifier: 24.71% with params {'loss': 'squared_loss', 'penalty': 'elasticnet', 'learning_rate': 'constant', 'eta0': 0.01}
[LINE:14]# [2019-10-11 18:17:40,734]  Ошибка SGDClassifier: 27.56% with params {'loss': 'squared_loss', 'penalty': 'elasticnet', 'learning_rate': 'constant', 'eta0': 0.001}
[LINE:14]# [2019-10-11 18:17:50,563]  Ошибка SGDClassifier: 12.33% with params {'loss': 'squared_loss', 'penalty': 'elasticnet', 'learning_rate': 'constant', 'eta0': 0.25}
[LINE:14]# [2019-10-11 18:18:00,410]  Ошибка SGDClassifier: 12.62% with params {'loss': 'squared_loss', 'penalty': 'elasticnet', 'learning_rate': 'optimal', 'eta0': 0.1}
[LINE:14]# [2019-10-11 18:18:10,218]  Ошибка SGDClassifier: 12.85% with params {'loss': 'squared_loss', 'penalty': 'elasticnet', 'learning_rate': 'optimal', 'eta0': 0.01}
[LINE:14]# [2019-10-11 18:18:19,996]  Ошибка SGDClassifier: 33.94% with params {'loss': 'squared_loss', 'penalty': 'elasticnet', 'learning_rate': 'optimal', 'eta0': 0.001}
[LINE:14]# [2019-10-11 18:18:29,825]  Ошибка SGDClassifier: 14.50% with params {'loss': 'squared_loss', 'penalty': 'elasticnet', 'learning_rate': 'optimal', 'eta0': 0.25}
[LINE:14]# [2019-10-11 18:18:39,524]  Ошибка SGDClassifier: 27.56% with params {'loss': 'squared_loss', 'penalty': 'elasticnet', 'learning_rate': 'invscaling', 'eta0': 0.1}
[LINE:14]# [2019-10-11 18:18:49,213]  Ошибка SGDClassifier: 27.56% with params {'loss': 'squared_loss', 'penalty': 'elasticnet', 'learning_rate': 'invscaling', 'eta0': 0.01}
[LINE:14]# [2019-10-11 18:18:58,914]  Ошибка SGDClassifier: 27.56% with params {'loss': 'squared_loss', 'penalty': 'elasticnet', 'learning_rate': 'invscaling', 'eta0': 0.001}
[LINE:14]# [2019-10-11 18:19:08,644]  Ошибка SGDClassifier: 27.56% with params {'loss': 'squared_loss', 'penalty': 'elasticnet', 'learning_rate': 'invscaling', 'eta0': 0.25}
[LINE:14]# [2019-10-11 18:19:18,463]  Ошибка SGDClassifier: 13.55% with params {'loss': 'squared_loss', 'penalty': 'elasticnet', 'learning_rate': 'adaptive', 'eta0': 0.1}
[LINE:14]# [2019-10-11 18:19:28,220]  Ошибка SGDClassifier: 24.60% with params {'loss': 'squared_loss', 'penalty': 'elasticnet', 'learning_rate': 'adaptive', 'eta0': 0.01}
[LINE:14]# [2019-10-11 18:19:37,916]  Ошибка SGDClassifier: 27.56% with params {'loss': 'squared_loss', 'penalty': 'elasticnet', 'learning_rate': 'adaptive', 'eta0': 0.001}
[LINE:14]# [2019-10-11 18:19:47,740]  Ошибка SGDClassifier: 13.20% with params {'loss': 'squared_loss', 'penalty': 'elasticnet', 'learning_rate': 'adaptive', 'eta0': 0.25}
[LINE:14]# [2019-10-11 18:19:56,659]  Ошибка SGDClassifier: 27.51% with params {'loss': 'huber', 'penalty': 'none', 'learning_rate': 'constant', 'eta0': 0.1}
[LINE:14]# [2019-10-11 18:20:05,742]  Ошибка SGDClassifier: 27.56% with params {'loss': 'huber', 'penalty': 'none', 'learning_rate': 'constant', 'eta0': 0.01}
[LINE:14]# [2019-10-11 18:20:14,670]  Ошибка SGDClassifier: 27.56% with params {'loss': 'huber', 'penalty': 'none', 'learning_rate': 'constant', 'eta0': 0.001}
[LINE:14]# [2019-10-11 18:20:23,599]  Ошибка SGDClassifier: 22.91% with params {'loss': 'huber', 'penalty': 'none', 'learning_rate': 'constant', 'eta0': 0.25}
[LINE:14]# [2019-10-11 18:20:32,531]  Ошибка SGDClassifier: 17.12% with params {'loss': 'huber', 'penalty': 'none', 'learning_rate': 'optimal', 'eta0': 0.1}
[LINE:14]# [2019-10-11 18:20:41,456]  Ошибка SGDClassifier: 17.55% with params {'loss': 'huber', 'penalty': 'none', 'learning_rate': 'optimal', 'eta0': 0.01}
[LINE:14]# [2019-10-11 18:20:50,362]  Ошибка SGDClassifier: 17.06% with params {'loss': 'huber', 'penalty': 'none', 'learning_rate': 'optimal', 'eta0': 0.001}
[LINE:14]# [2019-10-11 18:20:59,292]  Ошибка SGDClassifier: 17.66% with params {'loss': 'huber', 'penalty': 'none', 'learning_rate': 'optimal', 'eta0': 0.25}
[LINE:14]# [2019-10-11 18:21:08,220]  Ошибка SGDClassifier: 27.56% with params {'loss': 'huber', 'penalty': 'none', 'learning_rate': 'invscaling', 'eta0': 0.1}
[LINE:14]# [2019-10-11 18:21:17,153]  Ошибка SGDClassifier: 27.56% with params {'loss': 'huber', 'penalty': 'none', 'learning_rate': 'invscaling', 'eta0': 0.01}
[LINE:14]# [2019-10-11 18:21:26,076]  Ошибка SGDClassifier: 27.56% with params {'loss': 'huber', 'penalty': 'none', 'learning_rate': 'invscaling', 'eta0': 0.001}
[LINE:14]# [2019-10-11 18:21:35,011]  Ошибка SGDClassifier: 27.56% with params {'loss': 'huber', 'penalty': 'none', 'learning_rate': 'invscaling', 'eta0': 0.25}
[LINE:14]# [2019-10-11 18:21:43,917]  Ошибка SGDClassifier: 27.51% with params {'loss': 'huber', 'penalty': 'none', 'learning_rate': 'adaptive', 'eta0': 0.1}
[LINE:14]# [2019-10-11 18:21:52,841]  Ошибка SGDClassifier: 27.56% with params {'loss': 'huber', 'penalty': 'none', 'learning_rate': 'adaptive', 'eta0': 0.01}
[LINE:14]# [2019-10-11 18:22:01,760]  Ошибка SGDClassifier: 27.56% with params {'loss': 'huber', 'penalty': 'none', 'learning_rate': 'adaptive', 'eta0': 0.001}
[LINE:14]# [2019-10-11 18:22:10,677]  Ошибка SGDClassifier: 22.95% with params {'loss': 'huber', 'penalty': 'none', 'learning_rate': 'adaptive', 'eta0': 0.25}
[LINE:14]# [2019-10-11 18:22:19,591]  Ошибка SGDClassifier: 27.56% with params {'loss': 'huber', 'penalty': 'l2', 'learning_rate': 'constant', 'eta0': 0.1}
[LINE:14]# [2019-10-11 18:22:28,517]  Ошибка SGDClassifier: 27.56% with params {'loss': 'huber', 'penalty': 'l2', 'learning_rate': 'constant', 'eta0': 0.01}
[LINE:14]# [2019-10-11 18:22:37,419]  Ошибка SGDClassifier: 27.56% with params {'loss': 'huber', 'penalty': 'l2', 'learning_rate': 'constant', 'eta0': 0.001}
[LINE:14]# [2019-10-11 18:22:46,337]  Ошибка SGDClassifier: 27.56% with params {'loss': 'huber', 'penalty': 'l2', 'learning_rate': 'constant', 'eta0': 0.25}
[LINE:14]# [2019-10-11 18:22:55,259]  Ошибка SGDClassifier: 27.51% with params {'loss': 'huber', 'penalty': 'l2', 'learning_rate': 'optimal', 'eta0': 0.1}
[LINE:14]# [2019-10-11 18:23:04,189]  Ошибка SGDClassifier: 27.51% with params {'loss': 'huber', 'penalty': 'l2', 'learning_rate': 'optimal', 'eta0': 0.01}
[LINE:14]# [2019-10-11 18:23:13,100]  Ошибка SGDClassifier: 27.51% with params {'loss': 'huber', 'penalty': 'l2', 'learning_rate': 'optimal', 'eta0': 0.001}
[LINE:14]# [2019-10-11 18:23:22,020]  Ошибка SGDClassifier: 27.51% with params {'loss': 'huber', 'penalty': 'l2', 'learning_rate': 'optimal', 'eta0': 0.25}
[LINE:14]# [2019-10-11 18:23:30,950]  Ошибка SGDClassifier: 27.56% with params {'loss': 'huber', 'penalty': 'l2', 'learning_rate': 'invscaling', 'eta0': 0.1}
[LINE:14]# [2019-10-11 18:23:39,882]  Ошибка SGDClassifier: 27.56% with params {'loss': 'huber', 'penalty': 'l2', 'learning_rate': 'invscaling', 'eta0': 0.01}
[LINE:14]# [2019-10-11 18:23:48,818]  Ошибка SGDClassifier: 27.56% with params {'loss': 'huber', 'penalty': 'l2', 'learning_rate': 'invscaling', 'eta0': 0.001}
[LINE:14]# [2019-10-11 18:23:57,756]  Ошибка SGDClassifier: 27.56% with params {'loss': 'huber', 'penalty': 'l2', 'learning_rate': 'invscaling', 'eta0': 0.25}
[LINE:14]# [2019-10-11 18:24:06,678]  Ошибка SGDClassifier: 27.56% with params {'loss': 'huber', 'penalty': 'l2', 'learning_rate': 'adaptive', 'eta0': 0.1}
[LINE:14]# [2019-10-11 18:24:15,596]  Ошибка SGDClassifier: 27.56% with params {'loss': 'huber', 'penalty': 'l2', 'learning_rate': 'adaptive', 'eta0': 0.01}
[LINE:14]# [2019-10-11 18:24:24,518]  Ошибка SGDClassifier: 27.56% with params {'loss': 'huber', 'penalty': 'l2', 'learning_rate': 'adaptive', 'eta0': 0.001}
[LINE:14]# [2019-10-11 18:24:33,442]  Ошибка SGDClassifier: 27.56% with params {'loss': 'huber', 'penalty': 'l2', 'learning_rate': 'adaptive', 'eta0': 0.25}
[LINE:14]# [2019-10-11 18:24:43,070]  Ошибка SGDClassifier: 27.56% with params {'loss': 'huber', 'penalty': 'l1', 'learning_rate': 'constant', 'eta0': 0.1}
[LINE:14]# [2019-10-11 18:24:52,732]  Ошибка SGDClassifier: 27.56% with params {'loss': 'huber', 'penalty': 'l1', 'learning_rate': 'constant', 'eta0': 0.01}
[LINE:14]# [2019-10-11 18:25:02,408]  Ошибка SGDClassifier: 27.56% with params {'loss': 'huber', 'penalty': 'l1', 'learning_rate': 'constant', 'eta0': 0.001}
[LINE:14]# [2019-10-11 18:25:12,008]  Ошибка SGDClassifier: 27.56% with params {'loss': 'huber', 'penalty': 'l1', 'learning_rate': 'constant', 'eta0': 0.25}
[LINE:14]# [2019-10-11 18:25:21,574]  Ошибка SGDClassifier: 27.53% with params {'loss': 'huber', 'penalty': 'l1', 'learning_rate': 'optimal', 'eta0': 0.1}
[LINE:14]# [2019-10-11 18:25:31,149]  Ошибка SGDClassifier: 27.53% with params {'loss': 'huber', 'penalty': 'l1', 'learning_rate': 'optimal', 'eta0': 0.01}
[LINE:14]# [2019-10-11 18:25:40,724]  Ошибка SGDClassifier: 27.53% with params {'loss': 'huber', 'penalty': 'l1', 'learning_rate': 'optimal', 'eta0': 0.001}
[LINE:14]# [2019-10-11 18:25:50,293]  Ошибка SGDClassifier: 27.53% with params {'loss': 'huber', 'penalty': 'l1', 'learning_rate': 'optimal', 'eta0': 0.25}
[LINE:14]# [2019-10-11 18:25:59,979]  Ошибка SGDClassifier: 27.56% with params {'loss': 'huber', 'penalty': 'l1', 'learning_rate': 'invscaling', 'eta0': 0.1}
[LINE:14]# [2019-10-11 18:26:09,659]  Ошибка SGDClassifier: 27.56% with params {'loss': 'huber', 'penalty': 'l1', 'learning_rate': 'invscaling', 'eta0': 0.01}
[LINE:14]# [2019-10-11 18:26:19,319]  Ошибка SGDClassifier: 27.56% with params {'loss': 'huber', 'penalty': 'l1', 'learning_rate': 'invscaling', 'eta0': 0.001}
[LINE:14]# [2019-10-11 18:26:28,993]  Ошибка SGDClassifier: 27.56% with params {'loss': 'huber', 'penalty': 'l1', 'learning_rate': 'invscaling', 'eta0': 0.25}
[LINE:14]# [2019-10-11 18:26:38,601]  Ошибка SGDClassifier: 27.56% with params {'loss': 'huber', 'penalty': 'l1', 'learning_rate': 'adaptive', 'eta0': 0.1}
[LINE:14]# [2019-10-11 18:26:48,266]  Ошибка SGDClassifier: 27.56% with params {'loss': 'huber', 'penalty': 'l1', 'learning_rate': 'adaptive', 'eta0': 0.01}
[LINE:14]# [2019-10-11 18:26:57,930]  Ошибка SGDClassifier: 27.56% with params {'loss': 'huber', 'penalty': 'l1', 'learning_rate': 'adaptive', 'eta0': 0.001}
[LINE:14]# [2019-10-11 18:27:07,521]  Ошибка SGDClassifier: 27.56% with params {'loss': 'huber', 'penalty': 'l1', 'learning_rate': 'adaptive', 'eta0': 0.25}
[LINE:14]# [2019-10-11 18:27:17,216]  Ошибка SGDClassifier: 27.56% with params {'loss': 'huber', 'penalty': 'elasticnet', 'learning_rate': 'constant', 'eta0': 0.1}
[LINE:14]# [2019-10-11 18:27:26,876]  Ошибка SGDClassifier: 27.56% with params {'loss': 'huber', 'penalty': 'elasticnet', 'learning_rate': 'constant', 'eta0': 0.01}
[LINE:14]# [2019-10-11 18:27:36,544]  Ошибка SGDClassifier: 27.56% with params {'loss': 'huber', 'penalty': 'elasticnet', 'learning_rate': 'constant', 'eta0': 0.001}
[LINE:14]# [2019-10-11 18:27:46,195]  Ошибка SGDClassifier: 27.56% with params {'loss': 'huber', 'penalty': 'elasticnet', 'learning_rate': 'constant', 'eta0': 0.25}
[LINE:14]# [2019-10-11 18:27:55,834]  Ошибка SGDClassifier: 27.56% with params {'loss': 'huber', 'penalty': 'elasticnet', 'learning_rate': 'optimal', 'eta0': 0.1}
[LINE:14]# [2019-10-11 18:28:05,486]  Ошибка SGDClassifier: 27.56% with params {'loss': 'huber', 'penalty': 'elasticnet', 'learning_rate': 'optimal', 'eta0': 0.01}
[LINE:14]# [2019-10-11 18:28:15,126]  Ошибка SGDClassifier: 27.56% with params {'loss': 'huber', 'penalty': 'elasticnet', 'learning_rate': 'optimal', 'eta0': 0.001}
[LINE:14]# [2019-10-11 18:28:24,769]  Ошибка SGDClassifier: 27.56% with params {'loss': 'huber', 'penalty': 'elasticnet', 'learning_rate': 'optimal', 'eta0': 0.25}
[LINE:14]# [2019-10-11 18:28:34,442]  Ошибка SGDClassifier: 27.56% with params {'loss': 'huber', 'penalty': 'elasticnet', 'learning_rate': 'invscaling', 'eta0': 0.1}
[LINE:14]# [2019-10-11 18:28:44,127]  Ошибка SGDClassifier: 27.56% with params {'loss': 'huber', 'penalty': 'elasticnet', 'learning_rate': 'invscaling', 'eta0': 0.01}
[LINE:14]# [2019-10-11 18:28:53,803]  Ошибка SGDClassifier: 27.56% with params {'loss': 'huber', 'penalty': 'elasticnet', 'learning_rate': 'invscaling', 'eta0': 0.001}
[LINE:14]# [2019-10-11 18:29:03,499]  Ошибка SGDClassifier: 27.56% with params {'loss': 'huber', 'penalty': 'elasticnet', 'learning_rate': 'invscaling', 'eta0': 0.25}
[LINE:14]# [2019-10-11 18:29:13,166]  Ошибка SGDClassifier: 27.56% with params {'loss': 'huber', 'penalty': 'elasticnet', 'learning_rate': 'adaptive', 'eta0': 0.1}
[LINE:14]# [2019-10-11 18:29:22,842]  Ошибка SGDClassifier: 27.56% with params {'loss': 'huber', 'penalty': 'elasticnet', 'learning_rate': 'adaptive', 'eta0': 0.01}
[LINE:14]# [2019-10-11 18:29:32,513]  Ошибка SGDClassifier: 27.56% with params {'loss': 'huber', 'penalty': 'elasticnet', 'learning_rate': 'adaptive', 'eta0': 0.001}
[LINE:14]# [2019-10-11 18:29:42,182]  Ошибка SGDClassifier: 27.56% with params {'loss': 'huber', 'penalty': 'elasticnet', 'learning_rate': 'adaptive', 'eta0': 0.25}
[LINE:14]# [2019-10-11 18:29:51,052]  Ошибка SGDClassifier: 10.05% with params {'loss': 'epsilon_insensitive', 'penalty': 'none', 'learning_rate': 'constant', 'eta0': 0.1}
[LINE:14]# [2019-10-11 18:29:59,927]  Ошибка SGDClassifier: 27.49% with params {'loss': 'epsilon_insensitive', 'penalty': 'none', 'learning_rate': 'constant', 'eta0': 0.01}
[LINE:14]# [2019-10-11 18:30:08,829]  Ошибка SGDClassifier: 27.56% with params {'loss': 'epsilon_insensitive', 'penalty': 'none', 'learning_rate': 'constant', 'eta0': 0.001}
[LINE:14]# [2019-10-11 18:30:17,692]  Ошибка SGDClassifier: 8.32% with params {'loss': 'epsilon_insensitive', 'penalty': 'none', 'learning_rate': 'constant', 'eta0': 0.25}
[LINE:14]# [2019-10-11 18:30:26,578]  Ошибка SGDClassifier: 12.31% with params {'loss': 'epsilon_insensitive', 'penalty': 'none', 'learning_rate': 'optimal', 'eta0': 0.1}
[LINE:14]# [2019-10-11 18:30:35,482]  Ошибка SGDClassifier: 13.67% with params {'loss': 'epsilon_insensitive', 'penalty': 'none', 'learning_rate': 'optimal', 'eta0': 0.01}
[LINE:14]# [2019-10-11 18:30:44,375]  Ошибка SGDClassifier: 12.62% with params {'loss': 'epsilon_insensitive', 'penalty': 'none', 'learning_rate': 'optimal', 'eta0': 0.001}
[LINE:14]# [2019-10-11 18:30:53,273]  Ошибка SGDClassifier: 13.06% with params {'loss': 'epsilon_insensitive', 'penalty': 'none', 'learning_rate': 'optimal', 'eta0': 0.25}
[LINE:14]# [2019-10-11 18:31:02,211]  Ошибка SGDClassifier: 27.56% with params {'loss': 'epsilon_insensitive', 'penalty': 'none', 'learning_rate': 'invscaling', 'eta0': 0.1}
[LINE:14]# [2019-10-11 18:31:11,181]  Ошибка SGDClassifier: 27.56% with params {'loss': 'epsilon_insensitive', 'penalty': 'none', 'learning_rate': 'invscaling', 'eta0': 0.01}
[LINE:14]# [2019-10-11 18:31:20,142]  Ошибка SGDClassifier: 27.56% with params {'loss': 'epsilon_insensitive', 'penalty': 'none', 'learning_rate': 'invscaling', 'eta0': 0.001}
[LINE:14]# [2019-10-11 18:31:29,055]  Ошибка SGDClassifier: 27.56% with params {'loss': 'epsilon_insensitive', 'penalty': 'none', 'learning_rate': 'invscaling', 'eta0': 0.25}
[LINE:14]# [2019-10-11 18:31:37,918]  Ошибка SGDClassifier: 10.19% with params {'loss': 'epsilon_insensitive', 'penalty': 'none', 'learning_rate': 'adaptive', 'eta0': 0.1}
[LINE:14]# [2019-10-11 18:31:46,777]  Ошибка SGDClassifier: 27.49% with params {'loss': 'epsilon_insensitive', 'penalty': 'none', 'learning_rate': 'adaptive', 'eta0': 0.01}
[LINE:14]# [2019-10-11 18:31:55,685]  Ошибка SGDClassifier: 27.56% with params {'loss': 'epsilon_insensitive', 'penalty': 'none', 'learning_rate': 'adaptive', 'eta0': 0.001}
[LINE:14]# [2019-10-11 18:32:04,562]  Ошибка SGDClassifier: 8.25% with params {'loss': 'epsilon_insensitive', 'penalty': 'none', 'learning_rate': 'adaptive', 'eta0': 0.25}
[LINE:14]# [2019-10-11 18:32:13,434]  Ошибка SGDClassifier: 13.93% with params {'loss': 'epsilon_insensitive', 'penalty': 'l2', 'learning_rate': 'constant', 'eta0': 0.1}
[LINE:14]# [2019-10-11 18:32:22,311]  Ошибка SGDClassifier: 27.51% with params {'loss': 'epsilon_insensitive', 'penalty': 'l2', 'learning_rate': 'constant', 'eta0': 0.01}
[LINE:14]# [2019-10-11 18:32:31,217]  Ошибка SGDClassifier: 27.56% with params {'loss': 'epsilon_insensitive', 'penalty': 'l2', 'learning_rate': 'constant', 'eta0': 0.001}
[LINE:14]# [2019-10-11 18:32:40,122]  Ошибка SGDClassifier: 11.88% with params {'loss': 'epsilon_insensitive', 'penalty': 'l2', 'learning_rate': 'constant', 'eta0': 0.25}
[LINE:14]# [2019-10-11 18:32:48,999]  Ошибка SGDClassifier: 11.35% with params {'loss': 'epsilon_insensitive', 'penalty': 'l2', 'learning_rate': 'optimal', 'eta0': 0.1}
[LINE:14]# [2019-10-11 18:32:57,872]  Ошибка SGDClassifier: 11.25% with params {'loss': 'epsilon_insensitive', 'penalty': 'l2', 'learning_rate': 'optimal', 'eta0': 0.01}
[LINE:14]# [2019-10-11 18:33:06,756]  Ошибка SGDClassifier: 10.94% with params {'loss': 'epsilon_insensitive', 'penalty': 'l2', 'learning_rate': 'optimal', 'eta0': 0.001}
[LINE:14]# [2019-10-11 18:33:15,637]  Ошибка SGDClassifier: 11.39% with params {'loss': 'epsilon_insensitive', 'penalty': 'l2', 'learning_rate': 'optimal', 'eta0': 0.25}
[LINE:14]# [2019-10-11 18:33:24,562]  Ошибка SGDClassifier: 27.56% with params {'loss': 'epsilon_insensitive', 'penalty': 'l2', 'learning_rate': 'invscaling', 'eta0': 0.1}
[LINE:14]# [2019-10-11 18:33:33,488]  Ошибка SGDClassifier: 27.56% with params {'loss': 'epsilon_insensitive', 'penalty': 'l2', 'learning_rate': 'invscaling', 'eta0': 0.01}
[LINE:14]# [2019-10-11 18:33:42,428]  Ошибка SGDClassifier: 27.56% with params {'loss': 'epsilon_insensitive', 'penalty': 'l2', 'learning_rate': 'invscaling', 'eta0': 0.001}
[LINE:14]# [2019-10-11 18:33:51,326]  Ошибка SGDClassifier: 27.56% with params {'loss': 'epsilon_insensitive', 'penalty': 'l2', 'learning_rate': 'invscaling', 'eta0': 0.25}
[LINE:14]# [2019-10-11 18:34:00,196]  Ошибка SGDClassifier: 13.98% with params {'loss': 'epsilon_insensitive', 'penalty': 'l2', 'learning_rate': 'adaptive', 'eta0': 0.1}
[LINE:14]# [2019-10-11 18:34:09,069]  Ошибка SGDClassifier: 27.51% with params {'loss': 'epsilon_insensitive', 'penalty': 'l2', 'learning_rate': 'adaptive', 'eta0': 0.01}
[LINE:14]# [2019-10-11 18:34:17,972]  Ошибка SGDClassifier: 27.56% with params {'loss': 'epsilon_insensitive', 'penalty': 'l2', 'learning_rate': 'adaptive', 'eta0': 0.001}
[LINE:14]# [2019-10-11 18:34:26,848]  Ошибка SGDClassifier: 12.31% with params {'loss': 'epsilon_insensitive', 'penalty': 'l2', 'learning_rate': 'adaptive', 'eta0': 0.25}
[LINE:14]# [2019-10-11 18:34:36,371]  Ошибка SGDClassifier: 21.33% with params {'loss': 'epsilon_insensitive', 'penalty': 'l1', 'learning_rate': 'constant', 'eta0': 0.1}
[LINE:14]# [2019-10-11 18:34:45,944]  Ошибка SGDClassifier: 27.56% with params {'loss': 'epsilon_insensitive', 'penalty': 'l1', 'learning_rate': 'constant', 'eta0': 0.01}
[LINE:14]# [2019-10-11 18:34:55,561]  Ошибка SGDClassifier: 27.56% with params {'loss': 'epsilon_insensitive', 'penalty': 'l1', 'learning_rate': 'constant', 'eta0': 0.001}
[LINE:14]# [2019-10-11 18:35:05,071]  Ошибка SGDClassifier: 19.80% with params {'loss': 'epsilon_insensitive', 'penalty': 'l1', 'learning_rate': 'constant', 'eta0': 0.25}
[LINE:14]# [2019-10-11 18:35:14,564]  Ошибка SGDClassifier: 19.43% with params {'loss': 'epsilon_insensitive', 'penalty': 'l1', 'learning_rate': 'optimal', 'eta0': 0.1}
[LINE:14]# [2019-10-11 18:35:24,047]  Ошибка SGDClassifier: 19.64% with params {'loss': 'epsilon_insensitive', 'penalty': 'l1', 'learning_rate': 'optimal', 'eta0': 0.01}
[LINE:14]# [2019-10-11 18:35:33,527]  Ошибка SGDClassifier: 19.57% with params {'loss': 'epsilon_insensitive', 'penalty': 'l1', 'learning_rate': 'optimal', 'eta0': 0.001}
[LINE:14]# [2019-10-11 18:35:43,005]  Ошибка SGDClassifier: 19.36% with params {'loss': 'epsilon_insensitive', 'penalty': 'l1', 'learning_rate': 'optimal', 'eta0': 0.25}
[LINE:14]# [2019-10-11 18:35:52,674]  Ошибка SGDClassifier: 27.56% with params {'loss': 'epsilon_insensitive', 'penalty': 'l1', 'learning_rate': 'invscaling', 'eta0': 0.1}
[LINE:14]# [2019-10-11 18:36:02,362]  Ошибка SGDClassifier: 27.56% with params {'loss': 'epsilon_insensitive', 'penalty': 'l1', 'learning_rate': 'invscaling', 'eta0': 0.01}
[LINE:14]# [2019-10-11 18:36:12,032]  Ошибка SGDClassifier: 27.56% with params {'loss': 'epsilon_insensitive', 'penalty': 'l1', 'learning_rate': 'invscaling', 'eta0': 0.001}
[LINE:14]# [2019-10-11 18:36:21,626]  Ошибка SGDClassifier: 27.56% with params {'loss': 'epsilon_insensitive', 'penalty': 'l1', 'learning_rate': 'invscaling', 'eta0': 0.25}
[LINE:14]# [2019-10-11 18:36:31,136]  Ошибка SGDClassifier: 20.96% with params {'loss': 'epsilon_insensitive', 'penalty': 'l1', 'learning_rate': 'adaptive', 'eta0': 0.1}
[LINE:14]# [2019-10-11 18:36:40,687]  Ошибка SGDClassifier: 27.56% with params {'loss': 'epsilon_insensitive', 'penalty': 'l1', 'learning_rate': 'adaptive', 'eta0': 0.01}
[LINE:14]# [2019-10-11 18:36:50,313]  Ошибка SGDClassifier: 27.56% with params {'loss': 'epsilon_insensitive', 'penalty': 'l1', 'learning_rate': 'adaptive', 'eta0': 0.001}
[LINE:14]# [2019-10-11 18:36:59,816]  Ошибка SGDClassifier: 19.90% with params {'loss': 'epsilon_insensitive', 'penalty': 'l1', 'learning_rate': 'adaptive', 'eta0': 0.25}
[LINE:14]# [2019-10-11 18:37:09,465]  Ошибка SGDClassifier: 19.68% with params {'loss': 'epsilon_insensitive', 'penalty': 'elasticnet', 'learning_rate': 'constant', 'eta0': 0.1}
[LINE:14]# [2019-10-11 18:37:19,079]  Ошибка SGDClassifier: 27.51% with params {'loss': 'epsilon_insensitive', 'penalty': 'elasticnet', 'learning_rate': 'constant', 'eta0': 0.01}
[LINE:14]# [2019-10-11 18:37:28,718]  Ошибка SGDClassifier: 27.56% with params {'loss': 'epsilon_insensitive', 'penalty': 'elasticnet', 'learning_rate': 'constant', 'eta0': 0.001}
[LINE:14]# [2019-10-11 18:37:38,350]  Ошибка SGDClassifier: 18.23% with params {'loss': 'epsilon_insensitive', 'penalty': 'elasticnet', 'learning_rate': 'constant', 'eta0': 0.25}
[LINE:14]# [2019-10-11 18:37:47,970]  Ошибка SGDClassifier: 18.41% with params {'loss': 'epsilon_insensitive', 'penalty': 'elasticnet', 'learning_rate': 'optimal', 'eta0': 0.1}
[LINE:14]# [2019-10-11 18:37:57,599]  Ошибка SGDClassifier: 18.20% with params {'loss': 'epsilon_insensitive', 'penalty': 'elasticnet', 'learning_rate': 'optimal', 'eta0': 0.01}
[LINE:14]# [2019-10-11 18:38:07,218]  Ошибка SGDClassifier: 18.42% with params {'loss': 'epsilon_insensitive', 'penalty': 'elasticnet', 'learning_rate': 'optimal', 'eta0': 0.001}
[LINE:14]# [2019-10-11 18:38:16,831]  Ошибка SGDClassifier: 18.53% with params {'loss': 'epsilon_insensitive', 'penalty': 'elasticnet', 'learning_rate': 'optimal', 'eta0': 0.25}
[LINE:14]# [2019-10-11 18:38:26,501]  Ошибка SGDClassifier: 27.56% with params {'loss': 'epsilon_insensitive', 'penalty': 'elasticnet', 'learning_rate': 'invscaling', 'eta0': 0.1}
[LINE:14]# [2019-10-11 18:38:36,177]  Ошибка SGDClassifier: 27.56% with params {'loss': 'epsilon_insensitive', 'penalty': 'elasticnet', 'learning_rate': 'invscaling', 'eta0': 0.01}
[LINE:14]# [2019-10-11 18:38:45,861]  Ошибка SGDClassifier: 27.56% with params {'loss': 'epsilon_insensitive', 'penalty': 'elasticnet', 'learning_rate': 'invscaling', 'eta0': 0.001}
[LINE:14]# [2019-10-11 18:38:55,479]  Ошибка SGDClassifier: 27.56% with params {'loss': 'epsilon_insensitive', 'penalty': 'elasticnet', 'learning_rate': 'invscaling', 'eta0': 0.25}
[LINE:14]# [2019-10-11 18:39:05,129]  Ошибка SGDClassifier: 20.06% with params {'loss': 'epsilon_insensitive', 'penalty': 'elasticnet', 'learning_rate': 'adaptive', 'eta0': 0.1}
[LINE:14]# [2019-10-11 18:39:14,749]  Ошибка SGDClassifier: 27.51% with params {'loss': 'epsilon_insensitive', 'penalty': 'elasticnet', 'learning_rate': 'adaptive', 'eta0': 0.01}
[LINE:14]# [2019-10-11 18:39:24,396]  Ошибка SGDClassifier: 27.56% with params {'loss': 'epsilon_insensitive', 'penalty': 'elasticnet', 'learning_rate': 'adaptive', 'eta0': 0.001}
[LINE:14]# [2019-10-11 18:39:34,037]  Ошибка SGDClassifier: 17.97% with params {'loss': 'epsilon_insensitive', 'penalty': 'elasticnet', 'learning_rate': 'adaptive', 'eta0': 0.25}
[LINE:14]# [2019-10-11 18:39:42,936]  Ошибка SGDClassifier: 8.18% with params {'loss': 'squared_epsilon_insensitive', 'penalty': 'none', 'learning_rate': 'constant', 'eta0': 0.1}
[LINE:14]# [2019-10-11 18:39:51,841]  Ошибка SGDClassifier: 15.93% with params {'loss': 'squared_epsilon_insensitive', 'penalty': 'none', 'learning_rate': 'constant', 'eta0': 0.01}
[LINE:14]# [2019-10-11 18:40:00,758]  Ошибка SGDClassifier: 27.56% with params {'loss': 'squared_epsilon_insensitive', 'penalty': 'none', 'learning_rate': 'constant', 'eta0': 0.001}
[LINE:14]# [2019-10-11 18:40:09,647]  Ошибка SGDClassifier: 8.50% with params {'loss': 'squared_epsilon_insensitive', 'penalty': 'none', 'learning_rate': 'constant', 'eta0': 0.25}
[LINE:14]# [2019-10-11 18:40:18,560]  Ошибка SGDClassifier: 66.32% with params {'loss': 'squared_epsilon_insensitive', 'penalty': 'none', 'learning_rate': 'optimal', 'eta0': 0.1}
[LINE:14]# [2019-10-11 18:40:27,485]  Ошибка SGDClassifier: 69.37% with params {'loss': 'squared_epsilon_insensitive', 'penalty': 'none', 'learning_rate': 'optimal', 'eta0': 0.01}
[LINE:14]# [2019-10-11 18:40:36,414]  Ошибка SGDClassifier: 69.32% with params {'loss': 'squared_epsilon_insensitive', 'penalty': 'none', 'learning_rate': 'optimal', 'eta0': 0.001}
[LINE:14]# [2019-10-11 18:40:45,328]  Ошибка SGDClassifier: 69.11% with params {'loss': 'squared_epsilon_insensitive', 'penalty': 'none', 'learning_rate': 'optimal', 'eta0': 0.25}
[LINE:14]# [2019-10-11 18:40:54,255]  Ошибка SGDClassifier: 27.56% with params {'loss': 'squared_epsilon_insensitive', 'penalty': 'none', 'learning_rate': 'invscaling', 'eta0': 0.1}
[LINE:14]# [2019-10-11 18:41:03,189]  Ошибка SGDClassifier: 27.56% with params {'loss': 'squared_epsilon_insensitive', 'penalty': 'none', 'learning_rate': 'invscaling', 'eta0': 0.01}
[LINE:14]# [2019-10-11 18:41:12,125]  Ошибка SGDClassifier: 27.56% with params {'loss': 'squared_epsilon_insensitive', 'penalty': 'none', 'learning_rate': 'invscaling', 'eta0': 0.001}
[LINE:14]# [2019-10-11 18:41:21,046]  Ошибка SGDClassifier: 27.51% with params {'loss': 'squared_epsilon_insensitive', 'penalty': 'none', 'learning_rate': 'invscaling', 'eta0': 0.25}
[LINE:14]# [2019-10-11 18:41:29,943]  Ошибка SGDClassifier: 8.11% with params {'loss': 'squared_epsilon_insensitive', 'penalty': 'none', 'learning_rate': 'adaptive', 'eta0': 0.1}
[LINE:14]# [2019-10-11 18:41:38,857]  Ошибка SGDClassifier: 16.14% with params {'loss': 'squared_epsilon_insensitive', 'penalty': 'none', 'learning_rate': 'adaptive', 'eta0': 0.01}
[LINE:14]# [2019-10-11 18:41:47,785]  Ошибка SGDClassifier: 27.56% with params {'loss': 'squared_epsilon_insensitive', 'penalty': 'none', 'learning_rate': 'adaptive', 'eta0': 0.001}
[LINE:14]# [2019-10-11 18:41:56,684]  Ошибка SGDClassifier: 8.32% with params {'loss': 'squared_epsilon_insensitive', 'penalty': 'none', 'learning_rate': 'adaptive', 'eta0': 0.25}
[LINE:14]# [2019-10-11 18:42:05,583]  Ошибка SGDClassifier: 9.18% with params {'loss': 'squared_epsilon_insensitive', 'penalty': 'l2', 'learning_rate': 'constant', 'eta0': 0.1}
[LINE:14]# [2019-10-11 18:42:14,515]  Ошибка SGDClassifier: 16.51% with params {'loss': 'squared_epsilon_insensitive', 'penalty': 'l2', 'learning_rate': 'constant', 'eta0': 0.01}
[LINE:14]# [2019-10-11 18:42:23,428]  Ошибка SGDClassifier: 27.56% with params {'loss': 'squared_epsilon_insensitive', 'penalty': 'l2', 'learning_rate': 'constant', 'eta0': 0.001}
[LINE:14]# [2019-10-11 18:42:32,337]  Ошибка SGDClassifier: 8.11% with params {'loss': 'squared_epsilon_insensitive', 'penalty': 'l2', 'learning_rate': 'constant', 'eta0': 0.25}
[LINE:14]# [2019-10-11 18:42:41,263]  Ошибка SGDClassifier: 79.87% with params {'loss': 'squared_epsilon_insensitive', 'penalty': 'l2', 'learning_rate': 'optimal', 'eta0': 0.1}
[LINE:14]# [2019-10-11 18:42:50,193]  Ошибка SGDClassifier: 77.54% with params {'loss': 'squared_epsilon_insensitive', 'penalty': 'l2', 'learning_rate': 'optimal', 'eta0': 0.01}
[LINE:14]# [2019-10-11 18:42:59,128]  Ошибка SGDClassifier: 57.83% with params {'loss': 'squared_epsilon_insensitive', 'penalty': 'l2', 'learning_rate': 'optimal', 'eta0': 0.001}
[LINE:14]# [2019-10-11 18:43:08,066]  Ошибка SGDClassifier: 65.73% with params {'loss': 'squared_epsilon_insensitive', 'penalty': 'l2', 'learning_rate': 'optimal', 'eta0': 0.25}
[LINE:14]# [2019-10-11 18:43:17,004]  Ошибка SGDClassifier: 27.56% with params {'loss': 'squared_epsilon_insensitive', 'penalty': 'l2', 'learning_rate': 'invscaling', 'eta0': 0.1}
[LINE:14]# [2019-10-11 18:43:25,949]  Ошибка SGDClassifier: 27.56% with params {'loss': 'squared_epsilon_insensitive', 'penalty': 'l2', 'learning_rate': 'invscaling', 'eta0': 0.01}
[LINE:14]# [2019-10-11 18:43:34,890]  Ошибка SGDClassifier: 27.56% with params {'loss': 'squared_epsilon_insensitive', 'penalty': 'l2', 'learning_rate': 'invscaling', 'eta0': 0.001}
[LINE:14]# [2019-10-11 18:43:43,817]  Ошибка SGDClassifier: 27.51% with params {'loss': 'squared_epsilon_insensitive', 'penalty': 'l2', 'learning_rate': 'invscaling', 'eta0': 0.25}
[LINE:14]# [2019-10-11 18:43:52,715]  Ошибка SGDClassifier: 8.92% with params {'loss': 'squared_epsilon_insensitive', 'penalty': 'l2', 'learning_rate': 'adaptive', 'eta0': 0.1}
[LINE:14]# [2019-10-11 18:44:01,626]  Ошибка SGDClassifier: 16.79% with params {'loss': 'squared_epsilon_insensitive', 'penalty': 'l2', 'learning_rate': 'adaptive', 'eta0': 0.01}
[LINE:14]# [2019-10-11 18:44:10,537]  Ошибка SGDClassifier: 27.56% with params {'loss': 'squared_epsilon_insensitive', 'penalty': 'l2', 'learning_rate': 'adaptive', 'eta0': 0.001}
[LINE:14]# [2019-10-11 18:44:19,451]  Ошибка SGDClassifier: 8.38% with params {'loss': 'squared_epsilon_insensitive', 'penalty': 'l2', 'learning_rate': 'adaptive', 'eta0': 0.25}
[LINE:14]# [2019-10-11 18:44:29,125]  Ошибка SGDClassifier: 12.78% with params {'loss': 'squared_epsilon_insensitive', 'penalty': 'l1', 'learning_rate': 'constant', 'eta0': 0.1}
[LINE:14]# [2019-10-11 18:44:38,844]  Ошибка SGDClassifier: 20.29% with params {'loss': 'squared_epsilon_insensitive', 'penalty': 'l1', 'learning_rate': 'constant', 'eta0': 0.01}
[LINE:14]# [2019-10-11 18:44:48,546]  Ошибка SGDClassifier: 27.56% with params {'loss': 'squared_epsilon_insensitive', 'penalty': 'l1', 'learning_rate': 'constant', 'eta0': 0.001}
[LINE:14]# [2019-10-11 18:44:58,196]  Ошибка SGDClassifier: 11.07% with params {'loss': 'squared_epsilon_insensitive', 'penalty': 'l1', 'learning_rate': 'constant', 'eta0': 0.25}
[LINE:14]# [2019-10-11 18:45:07,918]  Ошибка SGDClassifier: 79.24% with params {'loss': 'squared_epsilon_insensitive', 'penalty': 'l1', 'learning_rate': 'optimal', 'eta0': 0.1}
[LINE:14]# [2019-10-11 18:45:17,626]  Ошибка SGDClassifier: 62.41% with params {'loss': 'squared_epsilon_insensitive', 'penalty': 'l1', 'learning_rate': 'optimal', 'eta0': 0.01}
[LINE:14]# [2019-10-11 18:45:27,342]  Ошибка SGDClassifier: 72.33% with params {'loss': 'squared_epsilon_insensitive', 'penalty': 'l1', 'learning_rate': 'optimal', 'eta0': 0.001}
[LINE:14]# [2019-10-11 18:45:37,070]  Ошибка SGDClassifier: 69.25% with params {'loss': 'squared_epsilon_insensitive', 'penalty': 'l1', 'learning_rate': 'optimal', 'eta0': 0.25}
[LINE:14]# [2019-10-11 18:45:46,775]  Ошибка SGDClassifier: 27.56% with params {'loss': 'squared_epsilon_insensitive', 'penalty': 'l1', 'learning_rate': 'invscaling', 'eta0': 0.1}
[LINE:14]# [2019-10-11 18:45:56,455]  Ошибка SGDClassifier: 27.56% with params {'loss': 'squared_epsilon_insensitive', 'penalty': 'l1', 'learning_rate': 'invscaling', 'eta0': 0.01}
[LINE:14]# [2019-10-11 18:46:06,135]  Ошибка SGDClassifier: 27.56% with params {'loss': 'squared_epsilon_insensitive', 'penalty': 'l1', 'learning_rate': 'invscaling', 'eta0': 0.001}
[LINE:14]# [2019-10-11 18:46:15,848]  Ошибка SGDClassifier: 27.55% with params {'loss': 'squared_epsilon_insensitive', 'penalty': 'l1', 'learning_rate': 'invscaling', 'eta0': 0.25}
[LINE:14]# [2019-10-11 18:46:25,533]  Ошибка SGDClassifier: 12.38% with params {'loss': 'squared_epsilon_insensitive', 'penalty': 'l1', 'learning_rate': 'adaptive', 'eta0': 0.1}
[LINE:14]# [2019-10-11 18:46:35,263]  Ошибка SGDClassifier: 20.20% with params {'loss': 'squared_epsilon_insensitive', 'penalty': 'l1', 'learning_rate': 'adaptive', 'eta0': 0.01}
[LINE:14]# [2019-10-11 18:46:44,944]  Ошибка SGDClassifier: 27.56% with params {'loss': 'squared_epsilon_insensitive', 'penalty': 'l1', 'learning_rate': 'adaptive', 'eta0': 0.001}
[LINE:14]# [2019-10-11 18:46:54,582]  Ошибка SGDClassifier: 10.80% with params {'loss': 'squared_epsilon_insensitive', 'penalty': 'l1', 'learning_rate': 'adaptive', 'eta0': 0.25}
[LINE:14]# [2019-10-11 18:47:04,385]  Ошибка SGDClassifier: 10.74% with params {'loss': 'squared_epsilon_insensitive', 'penalty': 'elasticnet', 'learning_rate': 'constant', 'eta0': 0.1}
[LINE:14]# [2019-10-11 18:47:14,148]  Ошибка SGDClassifier: 17.87% with params {'loss': 'squared_epsilon_insensitive', 'penalty': 'elasticnet', 'learning_rate': 'constant', 'eta0': 0.01}
[LINE:14]# [2019-10-11 18:47:23,856]  Ошибка SGDClassifier: 27.56% with params {'loss': 'squared_epsilon_insensitive', 'penalty': 'elasticnet', 'learning_rate': 'constant', 'eta0': 0.001}
[LINE:14]# [2019-10-11 18:47:33,655]  Ошибка SGDClassifier: 9.89% with params {'loss': 'squared_epsilon_insensitive', 'penalty': 'elasticnet', 'learning_rate': 'constant', 'eta0': 0.25}
[LINE:14]# [2019-10-11 18:47:43,387]  Ошибка SGDClassifier: 60.61% with params {'loss': 'squared_epsilon_insensitive', 'penalty': 'elasticnet', 'learning_rate': 'optimal', 'eta0': 0.1}
[LINE:14]# [2019-10-11 18:47:53,099]  Ошибка SGDClassifier: 58.78% with params {'loss': 'squared_epsilon_insensitive', 'penalty': 'elasticnet', 'learning_rate': 'optimal', 'eta0': 0.01}
[LINE:14]# [2019-10-11 18:48:02,813]  Ошибка SGDClassifier: 79.82% with params {'loss': 'squared_epsilon_insensitive', 'penalty': 'elasticnet', 'learning_rate': 'optimal', 'eta0': 0.001}
[LINE:14]# [2019-10-11 18:48:12,545]  Ошибка SGDClassifier: 79.58% with params {'loss': 'squared_epsilon_insensitive', 'penalty': 'elasticnet', 'learning_rate': 'optimal', 'eta0': 0.25}
[LINE:14]# [2019-10-11 18:48:22,256]  Ошибка SGDClassifier: 27.56% with params {'loss': 'squared_epsilon_insensitive', 'penalty': 'elasticnet', 'learning_rate': 'invscaling', 'eta0': 0.1}
[LINE:14]# [2019-10-11 18:48:31,942]  Ошибка SGDClassifier: 27.56% with params {'loss': 'squared_epsilon_insensitive', 'penalty': 'elasticnet', 'learning_rate': 'invscaling', 'eta0': 0.01}
[LINE:14]# [2019-10-11 18:48:41,629]  Ошибка SGDClassifier: 27.56% with params {'loss': 'squared_epsilon_insensitive', 'penalty': 'elasticnet', 'learning_rate': 'invscaling', 'eta0': 0.001}
[LINE:14]# [2019-10-11 18:48:51,356]  Ошибка SGDClassifier: 27.51% with params {'loss': 'squared_epsilon_insensitive', 'penalty': 'elasticnet', 'learning_rate': 'invscaling', 'eta0': 0.25}
[LINE:14]# [2019-10-11 18:49:01,156]  Ошибка SGDClassifier: 10.71% with params {'loss': 'squared_epsilon_insensitive', 'penalty': 'elasticnet', 'learning_rate': 'adaptive', 'eta0': 0.1}
[LINE:14]# [2019-10-11 18:49:10,910]  Ошибка SGDClassifier: 18.37% with params {'loss': 'squared_epsilon_insensitive', 'penalty': 'elasticnet', 'learning_rate': 'adaptive', 'eta0': 0.01}
[LINE:14]# [2019-10-11 18:49:20,600]  Ошибка SGDClassifier: 27.56% with params {'loss': 'squared_epsilon_insensitive', 'penalty': 'elasticnet', 'learning_rate': 'adaptive', 'eta0': 0.001}
[LINE:14]# [2019-10-11 18:49:30,390]  Ошибка SGDClassifier: 9.58% with params {'loss': 'squared_epsilon_insensitive', 'penalty': 'elasticnet', 'learning_rate': 'adaptive', 'eta0': 0.25}
[LINE:22]# [2019-10-11 18:49:30,390]  Finished
